"../../../Engine/Content/EditorResources/S_Actor.ubulk" 0
"../../../Engine/Content/EditorResources/S_Actor.uasset" 1
"../../../Engine/Content/EditorResources/S_Actor.uexp" 2
"../../../Engine/Content/EditorResources/S_BoxReflectionCapture.uasset" 3
"../../../Engine/Content/EditorResources/S_BoxReflectionCapture.uexp" 4
"../../../Engine/Content/EngineResources/DefaultTexture.ubulk" 5
"../../../Engine/Content/EngineResources/DefaultTexture.uasset" 6
"../../../Engine/Content/EngineResources/DefaultTexture.uexp" 7
"../../../Engine/Content/EngineResources/DefaultTextureCube.uasset" 8
"../../../Engine/Content/EngineResources/DefaultTextureCube.uexp" 9
"../../../Engine/Content/EngineResources/DefaultVolumeTexture2D.uasset" 10
"../../../Engine/Content/EngineResources/DefaultVolumeTexture2D.uexp" 11
"../../../Engine/Content/EngineResources/DefaultVolumeTexture.uasset" 12
"../../../Engine/Content/EngineResources/DefaultVolumeTexture.uexp" 13
"../../../Engine/Content/EditorResources/S_Trigger.ubulk" 14
"../../../Engine/Content/EditorResources/S_Trigger.uasset" 15
"../../../Engine/Content/EditorResources/S_Trigger.uexp" 16
"../../../Engine/Content/EditorResources/S_TriggerBox.uasset" 17
"../../../Engine/Content/EditorResources/S_TriggerBox.uexp" 18
"../../../Engine/Content/EditorResources/S_TriggerCapsule.uasset" 19
"../../../Engine/Content/EditorResources/S_TriggerCapsule.uexp" 20
"../../../Engine/Content/EditorResources/S_TriggerSphere.uasset" 21
"../../../Engine/Content/EditorResources/S_TriggerSphere.uexp" 22
"../../../Engine/Content/EngineMeshes/Sphere.ubulk" 23
"../../../Engine/Content/EngineMeshes/Sphere.uasset" 24
"../../../Engine/Content/EngineMeshes/Sphere.uexp" 25
"../../../Engine/Content/EngineResources/GradientTexture0.uasset" 26
"../../../Engine/Content/EngineResources/GradientTexture0.uexp" 27
"../../../Engine/Content/EngineResources/Black.uasset" 28
"../../../Engine/Content/EngineResources/Black.uexp" 29
"../../../Engine/Content/VREditor/LaserPointer/VR_LaserPower_01.ubulk" 30
"../../../Engine/Content/VREditor/LaserPointer/VR_LaserPower_01.uasset" 31
"../../../Engine/Content/VREditor/LaserPointer/VR_LaserPower_01.uexp" 32
"../../../Engine/Content/VREditor/TransformGizmo/TransformGizmoMaterial.uasset" 33
"../../../Engine/Content/VREditor/TransformGizmo/TransformGizmoMaterial.uexp" 34
"../../../Engine/Content/VREditor/TransformGizmo/TranslucentTransformGizmoMaterial.uasset" 35
"../../../Engine/Content/VREditor/TransformGizmo/TranslucentTransformGizmoMaterial.uexp" 36
"../../../Engine/Content/VREditor/TransformGizmo/PlaneTranslationHandle.ubulk" 37
"../../../Engine/Content/VREditor/TransformGizmo/PlaneTranslationHandle.uasset" 38
"../../../Engine/Content/VREditor/TransformGizmo/PlaneTranslationHandle.uexp" 39
"../../../Engine/Content/VREditor/TransformGizmo/BoundingBoxCorner.ubulk" 40
"../../../Engine/Content/VREditor/TransformGizmo/BoundingBoxCorner.uasset" 41
"../../../Engine/Content/VREditor/TransformGizmo/BoundingBoxCorner.uexp" 42
"../../../Engine/Content/VREditor/TransformGizmo/BoundingBoxEdge.ubulk" 43
"../../../Engine/Content/VREditor/TransformGizmo/BoundingBoxEdge.uasset" 44
"../../../Engine/Content/VREditor/TransformGizmo/BoundingBoxEdge.uexp" 45
"../../../Engine/Content/VREditor/TransformGizmo/Main.uasset" 46
"../../../Engine/Content/VREditor/TransformGizmo/Main.uexp" 47
"../../../Engine/Content/VREditor/TransformGizmo/Xray.uasset" 48
"../../../Engine/Content/VREditor/TransformGizmo/Xray.uexp" 49
"../../../Engine/Content/VREditor/TransformGizmo/SM_Sequencer_Node.ubulk" 50
"../../../Engine/Content/VREditor/TransformGizmo/SM_Sequencer_Node.uasset" 51
"../../../Engine/Content/VREditor/TransformGizmo/SM_Sequencer_Node.uexp" 52
"../../../Engine/Content/EditorMaterials/Camera/CineMat.uasset" 53
"../../../Engine/Content/EditorMaterials/Camera/CineMat.uexp" 54
"../../../Engine/Content/EditorMaterials/Camera/MI_CineMat_Rig.uasset" 55
"../../../Engine/Content/EditorMaterials/Camera/MI_CineMat_Rig.uexp" 56
"../../../Engine/Content/EditorMeshes/Camera/SM_CraneRig_Base.ubulk" 57
"../../../Engine/Content/EditorMeshes/Camera/SM_CraneRig_Base.uasset" 58
"../../../Engine/Content/EditorMeshes/Camera/SM_CraneRig_Base.uexp" 59
"../../../Engine/Content/EditorMeshes/Camera/SM_CraneRig_Arm.ubulk" 60
"../../../Engine/Content/EditorMeshes/Camera/SM_CraneRig_Arm.uasset" 61
"../../../Engine/Content/EditorMeshes/Camera/SM_CraneRig_Arm.uexp" 62
"../../../Engine/Content/EditorMeshes/Camera/SM_CraneRig_Mount.ubulk" 63
"../../../Engine/Content/EditorMeshes/Camera/SM_CraneRig_Mount.uasset" 64
"../../../Engine/Content/EditorMeshes/Camera/SM_CraneRig_Mount.uexp" 65
"../../../Engine/Content/EditorMeshes/Camera/SM_CraneRig_Body.ubulk" 66
"../../../Engine/Content/EditorMeshes/Camera/SM_CraneRig_Body.uasset" 67
"../../../Engine/Content/EditorMeshes/Camera/SM_CraneRig_Body.uexp" 68
"../../../Engine/Content/EditorMeshes/Camera/SM_RailRig_Track.ubulk" 69
"../../../Engine/Content/EditorMeshes/Camera/SM_RailRig_Track.uasset" 70
"../../../Engine/Content/EditorMeshes/Camera/SM_RailRig_Track.uexp" 71
"../../../Engine/Content/EditorMeshes/Camera/SM_RailRig_Mount.ubulk" 72
"../../../Engine/Content/EditorMeshes/Camera/SM_RailRig_Mount.uasset" 73
"../../../Engine/Content/EditorMeshes/Camera/SM_RailRig_Mount.uexp" 74
"../../../Engine/Content/EngineMaterials/T_Default_Material_Grid_M.ubulk" 75
"../../../Engine/Content/EngineMaterials/T_Default_Material_Grid_M.uasset" 76
"../../../Engine/Content/EngineMaterials/T_Default_Material_Grid_M.uexp" 77
"../../../Engine/Content/EngineMaterials/T_Default_Material_Grid_N.ubulk" 78
"../../../Engine/Content/EngineMaterials/T_Default_Material_Grid_N.uasset" 79
"../../../Engine/Content/EngineMaterials/T_Default_Material_Grid_N.uexp" 80
"../../../Engine/Content/Functions/Engine_MaterialFunctions01/Opacity/CameraDepthFade.uasset" 81
"../../../Engine/Content/Functions/Engine_MaterialFunctions01/Opacity/CameraDepthFade.uexp" 82
"../../../Engine/Content/EngineMaterials/WorldGridMaterial.uasset" 83
"../../../Engine/Content/EngineMaterials/WorldGridMaterial.uexp" 84
"../../../Engine/Content/ArtTools/RenderToTexture/Meshes/S_1_Unit_Plane.ubulk" 85
"../../../Engine/Content/ArtTools/RenderToTexture/Meshes/S_1_Unit_Plane.uasset" 86
"../../../Engine/Content/ArtTools/RenderToTexture/Meshes/S_1_Unit_Plane.uexp" 87
"../../../Engine/Content/EditorMaterials/ParticleSystems/PSysThumbnail_NoImage.ubulk" 88
"../../../Engine/Content/EditorMaterials/ParticleSystems/PSysThumbnail_NoImage.uasset" 89
"../../../Engine/Content/EditorMaterials/ParticleSystems/PSysThumbnail_NoImage.uexp" 90
"../../../Engine/Content/EditorMaterials/ParticleSystems/PSysThumbnail_OOD.ubulk" 91
"../../../Engine/Content/EditorMaterials/ParticleSystems/PSysThumbnail_OOD.uasset" 92
"../../../Engine/Content/EditorMaterials/ParticleSystems/PSysThumbnail_OOD.uexp" 93
"../../../Engine/Content/EditorLandscapeResources/SplineEditorMeshMat.uasset" 94
"../../../Engine/Content/EditorLandscapeResources/SplineEditorMeshMat.uexp" 95
"../../../Engine/Content/EditorLandscapeResources/SplineEditorMesh.ubulk" 96
"../../../Engine/Content/EditorLandscapeResources/SplineEditorMesh.uasset" 97
"../../../Engine/Content/EditorLandscapeResources/SplineEditorMesh.uexp" 98
"../../../Engine/Content/EditorResources/S_Solver.ubulk" 99
"../../../Engine/Content/EditorResources/S_Solver.uasset" 100
"../../../Engine/Content/EditorResources/S_Solver.uexp" 101
"../../../Engine/Plugins/Media/MediaPlate/Content/SM_MediaPlateScreen.ubulk" 102
"../../../Engine/Plugins/Media/MediaPlate/Content/SM_MediaPlateScreen.uasset" 103
"../../../Engine/Plugins/Media/MediaPlate/Content/SM_MediaPlateScreen.uexp" 104
"../../../Engine/Content/EngineMaterials/Good64x64TilingNoiseHighFreq.uasset" 105
"../../../Engine/Content/EngineMaterials/Good64x64TilingNoiseHighFreq.uexp" 106
"../../../Engine/Content/EngineMaterials/DefaultBokeh.uasset" 107
"../../../Engine/Content/EngineMaterials/DefaultBokeh.uexp" 108
"../../../Engine/Content/EngineMaterials/PreintegratedSkinBRDF.uasset" 109
"../../../Engine/Content/EngineMaterials/PreintegratedSkinBRDF.uexp" 110
"../../../Engine/Content/EngineMaterials/MiniFont.uasset" 111
"../../../Engine/Content/EngineMaterials/MiniFont.uexp" 112
"../../../Engine/Content/EngineMaterials/WeightMapPlaceholderTexture.uasset" 113
"../../../Engine/Content/EngineMaterials/WeightMapPlaceholderTexture.uexp" 114
"../../../Engine/Content/EngineMaterials/DefaultWhiteGrid.ubulk" 115
"../../../Engine/Content/EngineMaterials/DefaultWhiteGrid.uasset" 116
"../../../Engine/Content/EngineMaterials/DefaultWhiteGrid.uexp" 117
"../../../Engine/Plugins/2D/Paper2D/Content/PlaceholderTextures/DummySpriteTexture.ubulk" 118
"../../../Engine/Plugins/2D/Paper2D/Content/PlaceholderTextures/DummySpriteTexture.uasset" 119
"../../../Engine/Plugins/2D/Paper2D/Content/PlaceholderTextures/DummySpriteTexture.uexp" 120
"../../../Engine/Plugins/2D/Paper2D/Content/DefaultSpriteMaterial.uasset" 121
"../../../Engine/Plugins/2D/Paper2D/Content/DefaultSpriteMaterial.uexp" 122
"../../../Engine/Plugins/2D/Paper2D/Content/OpaqueUnlitSpriteMaterial.uasset" 123
"../../../Engine/Plugins/2D/Paper2D/Content/OpaqueUnlitSpriteMaterial.uexp" 124
"../../../Engine/Plugins/2D/Paper2D/Content/MaskedUnlitSpriteMaterial.uasset" 125
"../../../Engine/Plugins/2D/Paper2D/Content/MaskedUnlitSpriteMaterial.uexp" 126
"../../../Engine/Plugins/2D/Paper2D/Content/DummySprite.uasset" 127
"../../../Engine/Plugins/2D/Paper2D/Content/DummySprite.uexp" 128
"../../../Engine/Plugins/2D/Paper2D/Content/DefaultPaperTerrainMaterial.uasset" 129
"../../../Engine/Plugins/2D/Paper2D/Content/DefaultPaperTerrainMaterial.uexp" 130
"../../../Engine/Content/Functions/Engine_MaterialFunctions02/WorldPositionOffset/CameraOffset.uasset" 131
"../../../Engine/Content/Functions/Engine_MaterialFunctions02/WorldPositionOffset/CameraOffset.uexp" 132
"../../../Engine/Plugins/Animation/ControlRig/Content/M_Manip.uasset" 133
"../../../Engine/Plugins/Animation/ControlRig/Content/M_Manip.uexp" 134
"../../../Engine/Content/Animation/DefaultRecorderBoneCompression.uasset" 135
"../../../Engine/Content/Animation/DefaultRecorderBoneCompression.uexp" 136
"../../../Engine/Content/Animation/DefaultAnimCurveCompressionSettings.uasset" 137
"../../../Engine/Content/Animation/DefaultAnimCurveCompressionSettings.uexp" 138
"../../../Engine/Content/Animation/DefaultAnimBoneCompressionSettings.uasset" 139
"../../../Engine/Content/Animation/DefaultAnimBoneCompressionSettings.uexp" 140
"../../../Engine/Content/EditorResources/S_Terrain.ubulk" 141
"../../../Engine/Content/EditorResources/S_Terrain.uasset" 142
"../../../Engine/Content/EditorResources/S_Terrain.uexp" 143
"../../../Engine/Content/EngineResources/WhiteSquareTexture.uasset" 144
"../../../Engine/Content/EngineResources/WhiteSquareTexture.uexp" 145
"../../../Engine/Content/EngineMaterials/Widget3DPassThrough.uasset" 146
"../../../Engine/Content/EngineMaterials/Widget3DPassThrough.uexp" 147
"../../../Engine/Content/EngineMaterials/Widget3DPassThrough_Translucent.uasset" 148
"../../../Engine/Content/EngineMaterials/Widget3DPassThrough_Translucent.uexp" 149
"../../../Engine/Content/EngineMaterials/Widget3DPassThrough_Translucent_OneSided.uasset" 150
"../../../Engine/Content/EngineMaterials/Widget3DPassThrough_Translucent_OneSided.uexp" 151
"../../../Engine/Content/EngineMaterials/Widget3DPassThrough_Opaque.uasset" 152
"../../../Engine/Content/EngineMaterials/Widget3DPassThrough_Opaque.uexp" 153
"../../../Engine/Content/EngineMaterials/Widget3DPassThrough_Opaque_OneSided.uasset" 154
"../../../Engine/Content/EngineMaterials/Widget3DPassThrough_Opaque_OneSided.uexp" 155
"../../../Engine/Content/EngineMaterials/Widget3DPassThrough_Masked_OneSided.uasset" 156
"../../../Engine/Content/EngineMaterials/Widget3DPassThrough_Masked_OneSided.uexp" 157
"../../../Engine/Content/EngineMaterials/Widget3DPassThrough_Masked.uasset" 158
"../../../Engine/Content/EngineMaterials/Widget3DPassThrough_Masked.uexp" 159
"../../../Engine/Plugins/Editor/SpeedTreeImporter/Content/SpeedTree9/game_wind_noise.ubulk" 160
"../../../Engine/Plugins/Editor/SpeedTreeImporter/Content/SpeedTree9/game_wind_noise.uasset" 161
"../../../Engine/Plugins/Editor/SpeedTreeImporter/Content/SpeedTree9/game_wind_noise.uexp" 162
"../../../Engine/Plugins/Editor/SpeedTreeImporter/Content/SpeedTree9/UnpackDirection.uasset" 163
"../../../Engine/Plugins/Editor/SpeedTreeImporter/Content/SpeedTree9/UnpackDirection.uexp" 164
"../../../Engine/Content/Functions/Engine_MaterialFunctions02/ObjectLocalBounds.uasset" 165
"../../../Engine/Content/Functions/Engine_MaterialFunctions02/ObjectLocalBounds.uexp" 166
"../../../Engine/Content/Functions/Engine_MaterialFunctions02/Utility/BreakOutFloat3Components.uasset" 167
"../../../Engine/Content/Functions/Engine_MaterialFunctions02/Utility/BreakOutFloat3Components.uexp" 168
"../../../Engine/Content/Functions/Engine_MaterialFunctions02/UVs/BoundingBoxBased_0-1_UVW.uasset" 169
"../../../Engine/Content/Functions/Engine_MaterialFunctions02/UVs/BoundingBoxBased_0-1_UVW.uexp" 170
"../../../Engine/Content/Functions/Engine_MaterialFunctions02/Utility/VectorLength.uasset" 171
"../../../Engine/Content/Functions/Engine_MaterialFunctions02/Utility/VectorLength.uexp" 172
"../../../Engine/Plugins/Editor/SpeedTreeImporter/Content/SpeedTree9/UnpackInteger3.uasset" 173
"../../../Engine/Plugins/Editor/SpeedTreeImporter/Content/SpeedTree9/UnpackInteger3.uexp" 174
"../../../Engine/Plugins/Editor/SpeedTreeImporter/Content/SpeedTree9/SpeedTreeCameraFacing.uasset" 175
"../../../Engine/Plugins/Editor/SpeedTreeImporter/Content/SpeedTree9/SpeedTreeCameraFacing.uexp" 176
"../../../Engine/Content/Functions/Engine_MaterialFunctions02/WorldPositionOffset/ObjectScale.uasset" 177
"../../../Engine/Content/Functions/Engine_MaterialFunctions02/WorldPositionOffset/ObjectScale.uexp" 178
"../../../Engine/Content/Functions/Engine_MaterialFunctions02/SafeNormalize.uasset" 179
"../../../Engine/Content/Functions/Engine_MaterialFunctions02/SafeNormalize.uexp" 180
"../../../Engine/Plugins/Editor/SpeedTreeImporter/Content/SpeedTree9/SpeedTreeWindMotion.uasset" 181
"../../../Engine/Plugins/Editor/SpeedTreeImporter/Content/SpeedTree9/SpeedTreeWindMotion.uexp" 182
"../../../Engine/Plugins/Editor/SpeedTreeImporter/Content/SpeedTree9/SpeedTreeBranchMotion.uasset" 183
"../../../Engine/Plugins/Editor/SpeedTreeImporter/Content/SpeedTree9/SpeedTreeBranchMotion.uexp" 184
"../../../Engine/Plugins/Editor/SpeedTreeImporter/Content/SpeedTree9/SpeedTreeWind.uasset" 185
"../../../Engine/Plugins/Editor/SpeedTreeImporter/Content/SpeedTree9/SpeedTreeWind.uexp" 186
"../../../Engine/Plugins/Editor/SpeedTreeImporter/Content/SpeedTree9/EmptyNormal.uasset" 187
"../../../Engine/Plugins/Editor/SpeedTreeImporter/Content/SpeedTree9/EmptyNormal.uexp" 188
"../../../Engine/Plugins/Editor/SpeedTreeImporter/Content/SpeedTree9/Empty.uasset" 189
"../../../Engine/Plugins/Editor/SpeedTreeImporter/Content/SpeedTree9/Empty.uexp" 190
"../../../Engine/Plugins/Editor/SpeedTreeImporter/Content/SpeedTree9/SpeedTreeMaster.uasset" 191
"../../../Engine/Plugins/Editor/SpeedTreeImporter/Content/SpeedTree9/SpeedTreeMaster.uexp" 192
"../../../Engine/Plugins/Editor/SpeedTreeImporter/Content/SpeedTree9/SpeedTreeBillboard.uasset" 193
"../../../Engine/Plugins/Editor/SpeedTreeImporter/Content/SpeedTree9/SpeedTreeBillboard.uexp" 194
"../../../Engine/Plugins/Editor/SpeedTreeImporter/Content/SpeedTree9/SpeedTreeBillboardMaster.uasset" 195
"../../../Engine/Plugins/Editor/SpeedTreeImporter/Content/SpeedTree9/SpeedTreeBillboardMaster.uexp" 196
"../../../Engine/Plugins/Animation/ControlRig/Content/Controls/DefaultGizmoLibraryNormalized.uasset" 197
"../../../Engine/Plugins/Animation/ControlRig/Content/Controls/DefaultGizmoLibraryNormalized.uexp" 198
"../../../Engine/Plugins/Animation/ControlRig/Content/Controls/ControlRig_Wedge_solid.ubulk" 199
"../../../Engine/Plugins/Animation/ControlRig/Content/Controls/ControlRig_Wedge_solid.uasset" 200
"../../../Engine/Plugins/Animation/ControlRig/Content/Controls/ControlRig_Wedge_solid.uexp" 201
"../../../Engine/Plugins/Animation/ControlRig/Content/Controls/ControlRig_Wedge_3mm.ubulk" 202
"../../../Engine/Plugins/Animation/ControlRig/Content/Controls/ControlRig_Wedge_3mm.uasset" 203
"../../../Engine/Plugins/Animation/ControlRig/Content/Controls/ControlRig_Wedge_3mm.uexp" 204
"../../../Engine/Plugins/Animation/ControlRig/Content/Controls/ControlRig_Wedge_1mm.ubulk" 205
"../../../Engine/Plugins/Animation/ControlRig/Content/Controls/ControlRig_Wedge_1mm.uasset" 206
"../../../Engine/Plugins/Animation/ControlRig/Content/Controls/ControlRig_Wedge_1mm.uexp" 207
"../../../Engine/Plugins/Animation/ControlRig/Content/Controls/ControlRig_Triangle_solid.ubulk" 208
"../../../Engine/Plugins/Animation/ControlRig/Content/Controls/ControlRig_Triangle_solid.uasset" 209
"../../../Engine/Plugins/Animation/ControlRig/Content/Controls/ControlRig_Triangle_solid.uexp" 210
"../../../Engine/Plugins/Animation/ControlRig/Content/Controls/ControlRig_Triangle_3mm.ubulk" 211
"../../../Engine/Plugins/Animation/ControlRig/Content/Controls/ControlRig_Triangle_3mm.uasset" 212
"../../../Engine/Plugins/Animation/ControlRig/Content/Controls/ControlRig_Triangle_3mm.uexp" 213
"../../../Engine/Plugins/Animation/ControlRig/Content/Controls/ControlRig_Triangle_1mm.ubulk" 214
"../../../Engine/Plugins/Animation/ControlRig/Content/Controls/ControlRig_Triangle_1mm.uasset" 215
"../../../Engine/Plugins/Animation/ControlRig/Content/Controls/ControlRig_Triangle_1mm.uexp" 216
"../../../Engine/Plugins/Animation/ControlRig/Content/Controls/ControlRig_Star4_solid.ubulk" 217
"../../../Engine/Plugins/Animation/ControlRig/Content/Controls/ControlRig_Star4_solid.uasset" 218
"../../../Engine/Plugins/Animation/ControlRig/Content/Controls/ControlRig_Star4_solid.uexp" 219
"../../../Engine/Plugins/Animation/ControlRig/Content/Controls/ControlRig_Star4_3mm.ubulk" 220
"../../../Engine/Plugins/Animation/ControlRig/Content/Controls/ControlRig_Star4_3mm.uasset" 221
"../../../Engine/Plugins/Animation/ControlRig/Content/Controls/ControlRig_Star4_3mm.uexp" 222
"../../../Engine/Plugins/Animation/ControlRig/Content/Controls/ControlRig_Star4_1mm.ubulk" 223
"../../../Engine/Plugins/Animation/ControlRig/Content/Controls/ControlRig_Star4_1mm.uasset" 224
"../../../Engine/Plugins/Animation/ControlRig/Content/Controls/ControlRig_Star4_1mm.uexp" 225
"../../../Engine/Plugins/Animation/ControlRig/Content/Controls/ControlRig_Square_solid.ubulk" 226
"../../../Engine/Plugins/Animation/ControlRig/Content/Controls/ControlRig_Square_solid.uasset" 227
"../../../Engine/Plugins/Animation/ControlRig/Content/Controls/ControlRig_Square_solid.uexp" 228
"../../../Engine/Plugins/Animation/ControlRig/Content/Controls/ControlRig_Square_3mm.ubulk" 229
"../../../Engine/Plugins/Animation/ControlRig/Content/Controls/ControlRig_Square_3mm.uasset" 230
"../../../Engine/Plugins/Animation/ControlRig/Content/Controls/ControlRig_Square_3mm.uexp" 231
"../../../Engine/Plugins/Animation/ControlRig/Content/Controls/ControlRig_Square_1mm.ubulk" 232
"../../../Engine/Plugins/Animation/ControlRig/Content/Controls/ControlRig_Square_1mm.uasset" 233
"../../../Engine/Plugins/Animation/ControlRig/Content/Controls/ControlRig_Square_1mm.uexp" 234
"../../../Engine/Plugins/Animation/ControlRig/Content/Controls/ControlRig_Sphere_solid.ubulk" 235
"../../../Engine/Plugins/Animation/ControlRig/Content/Controls/ControlRig_Sphere_solid.uasset" 236
"../../../Engine/Plugins/Animation/ControlRig/Content/Controls/ControlRig_Sphere_solid.uexp" 237
"../../../Engine/Plugins/Animation/ControlRig/Content/Controls/ControlRig_Sphere_3mm.ubulk" 238
"../../../Engine/Plugins/Animation/ControlRig/Content/Controls/ControlRig_Sphere_3mm.uasset" 239
"../../../Engine/Plugins/Animation/ControlRig/Content/Controls/ControlRig_Sphere_3mm.uexp" 240
"../../../Engine/Plugins/Animation/ControlRig/Content/Controls/ControlRig_Sphere_1mm.ubulk" 241
"../../../Engine/Plugins/Animation/ControlRig/Content/Controls/ControlRig_Sphere_1mm.uasset" 242
"../../../Engine/Plugins/Animation/ControlRig/Content/Controls/ControlRig_Sphere_1mm.uexp" 243
"../../../Engine/Plugins/Animation/ControlRig/Content/Controls/ControlRig_RoundedTriangle_solid.ubulk" 244
"../../../Engine/Plugins/Animation/ControlRig/Content/Controls/ControlRig_RoundedTriangle_solid.uasset" 245
"../../../Engine/Plugins/Animation/ControlRig/Content/Controls/ControlRig_RoundedTriangle_solid.uexp" 246
"../../../Engine/Plugins/Animation/ControlRig/Content/Controls/ControlRig_RoundedTriangle_3mm.ubulk" 247
"../../../Engine/Plugins/Animation/ControlRig/Content/Controls/ControlRig_RoundedTriangle_3mm.uasset" 248
"../../../Engine/Plugins/Animation/ControlRig/Content/Controls/ControlRig_RoundedTriangle_3mm.uexp" 249
"../../../Engine/Plugins/Animation/ControlRig/Content/Controls/ControlRig_RoundedTriangle_1mm.ubulk" 250
"../../../Engine/Plugins/Animation/ControlRig/Content/Controls/ControlRig_RoundedTriangle_1mm.uasset" 251
"../../../Engine/Plugins/Animation/ControlRig/Content/Controls/ControlRig_RoundedTriangle_1mm.uexp" 252
"../../../Engine/Plugins/Animation/ControlRig/Content/Controls/ControlRig_RoundedSquare_solid.ubulk" 253
"../../../Engine/Plugins/Animation/ControlRig/Content/Controls/ControlRig_RoundedSquare_solid.uasset" 254
"../../../Engine/Plugins/Animation/ControlRig/Content/Controls/ControlRig_RoundedSquare_solid.uexp" 255
"../../../Engine/Plugins/Animation/ControlRig/Content/Controls/ControlRig_RoundedSquare_3mm.ubulk" 256
"../../../Engine/Plugins/Animation/ControlRig/Content/Controls/ControlRig_RoundedSquare_3mm.uasset" 257
"../../../Engine/Plugins/Animation/ControlRig/Content/Controls/ControlRig_RoundedSquare_3mm.uexp" 258
"../../../Engine/Plugins/Animation/ControlRig/Content/Controls/ControlRig_RoundedSquare_1mm.ubulk" 259
"../../../Engine/Plugins/Animation/ControlRig/Content/Controls/ControlRig_RoundedSquare_1mm.uasset" 260
"../../../Engine/Plugins/Animation/ControlRig/Content/Controls/ControlRig_RoundedSquare_1mm.uexp" 261
"../../../Engine/Plugins/Animation/ControlRig/Content/Controls/ControlRig_QuarterCircle_solid.ubulk" 262
"../../../Engine/Plugins/Animation/ControlRig/Content/Controls/ControlRig_QuarterCircle_solid.uasset" 263
"../../../Engine/Plugins/Animation/ControlRig/Content/Controls/ControlRig_QuarterCircle_solid.uexp" 264
"../../../Engine/Plugins/Animation/ControlRig/Content/Controls/ControlRig_QuarterCircle_3mm.ubulk" 265
"../../../Engine/Plugins/Animation/ControlRig/Content/Controls/ControlRig_QuarterCircle_3mm.uasset" 266
"../../../Engine/Plugins/Animation/ControlRig/Content/Controls/ControlRig_QuarterCircle_3mm.uexp" 267
"../../../Engine/Plugins/Animation/ControlRig/Content/Controls/ControlRig_QuarterCircle_1mm.ubulk" 268
"../../../Engine/Plugins/Animation/ControlRig/Content/Controls/ControlRig_QuarterCircle_1mm.uasset" 269
"../../../Engine/Plugins/Animation/ControlRig/Content/Controls/ControlRig_QuarterCircle_1mm.uexp" 270
"../../../Engine/Plugins/Animation/ControlRig/Content/Controls/ControlRig_Pyramid_solid.ubulk" 271
"../../../Engine/Plugins/Animation/ControlRig/Content/Controls/ControlRig_Pyramid_solid.uasset" 272
"../../../Engine/Plugins/Animation/ControlRig/Content/Controls/ControlRig_Pyramid_solid.uexp" 273
"../../../Engine/Plugins/Animation/ControlRig/Content/Controls/ControlRig_Pyramid_3mm.ubulk" 274
"../../../Engine/Plugins/Animation/ControlRig/Content/Controls/ControlRig_Pyramid_3mm.uasset" 275
"../../../Engine/Plugins/Animation/ControlRig/Content/Controls/ControlRig_Pyramid_3mm.uexp" 276
"../../../Engine/Plugins/Animation/ControlRig/Content/Controls/ControlRig_Pyramid_1mm.ubulk" 277
"../../../Engine/Plugins/Animation/ControlRig/Content/Controls/ControlRig_Pyramid_1mm.uasset" 278
"../../../Engine/Plugins/Animation/ControlRig/Content/Controls/ControlRig_Pyramid_1mm.uexp" 279
"../../../Engine/Plugins/Animation/ControlRig/Content/Controls/ControlRig_Octagon_solid.ubulk" 280
"../../../Engine/Plugins/Animation/ControlRig/Content/Controls/ControlRig_Octagon_solid.uasset" 281
"../../../Engine/Plugins/Animation/ControlRig/Content/Controls/ControlRig_Octagon_solid.uexp" 282
"../../../Engine/Plugins/Animation/ControlRig/Content/Controls/ControlRig_Octagon_3mm.ubulk" 283
"../../../Engine/Plugins/Animation/ControlRig/Content/Controls/ControlRig_Octagon_3mm.uasset" 284
"../../../Engine/Plugins/Animation/ControlRig/Content/Controls/ControlRig_Octagon_3mm.uexp" 285
"../../../Engine/Plugins/Animation/ControlRig/Content/Controls/ControlRig_Octagon_1mm.ubulk" 286
"../../../Engine/Plugins/Animation/ControlRig/Content/Controls/ControlRig_Octagon_1mm.uasset" 287
"../../../Engine/Plugins/Animation/ControlRig/Content/Controls/ControlRig_Octagon_1mm.uexp" 288
"../../../Engine/Plugins/Animation/ControlRig/Content/Controls/ControlRig_Hexagon_solid.ubulk" 289
"../../../Engine/Plugins/Animation/ControlRig/Content/Controls/ControlRig_Hexagon_solid.uasset" 290
"../../../Engine/Plugins/Animation/ControlRig/Content/Controls/ControlRig_Hexagon_solid.uexp" 291
"../../../Engine/Plugins/Animation/ControlRig/Content/Controls/ControlRig_Hexagon_3mm.ubulk" 292
"../../../Engine/Plugins/Animation/ControlRig/Content/Controls/ControlRig_Hexagon_3mm.uasset" 293
"../../../Engine/Plugins/Animation/ControlRig/Content/Controls/ControlRig_Hexagon_3mm.uexp" 294
"../../../Engine/Plugins/Animation/ControlRig/Content/Controls/ControlRig_Hexagon_1mm.ubulk" 295
"../../../Engine/Plugins/Animation/ControlRig/Content/Controls/ControlRig_Hexagon_1mm.uasset" 296
"../../../Engine/Plugins/Animation/ControlRig/Content/Controls/ControlRig_Hexagon_1mm.uexp" 297
"../../../Engine/Plugins/Animation/ControlRig/Content/Controls/ControlRig_HalfCircle_solid.ubulk" 298
"../../../Engine/Plugins/Animation/ControlRig/Content/Controls/ControlRig_HalfCircle_solid.uasset" 299
"../../../Engine/Plugins/Animation/ControlRig/Content/Controls/ControlRig_HalfCircle_solid.uexp" 300
"../../../Engine/Plugins/Animation/ControlRig/Content/Controls/ControlRig_HalfCircle_3mm.ubulk" 301
"../../../Engine/Plugins/Animation/ControlRig/Content/Controls/ControlRig_HalfCircle_3mm.uasset" 302
"../../../Engine/Plugins/Animation/ControlRig/Content/Controls/ControlRig_HalfCircle_3mm.uexp" 303
"../../../Engine/Plugins/Animation/ControlRig/Content/Controls/ControlRig_HalfCircle_1mm.ubulk" 304
"../../../Engine/Plugins/Animation/ControlRig/Content/Controls/ControlRig_HalfCircle_1mm.uasset" 305
"../../../Engine/Plugins/Animation/ControlRig/Content/Controls/ControlRig_HalfCircle_1mm.uexp" 306
"../../../Engine/Plugins/Animation/ControlRig/Content/Controls/ControlRig_Diamond_solid.ubulk" 307
"../../../Engine/Plugins/Animation/ControlRig/Content/Controls/ControlRig_Diamond_solid.uasset" 308
"../../../Engine/Plugins/Animation/ControlRig/Content/Controls/ControlRig_Diamond_solid.uexp" 309
"../../../Engine/Plugins/Animation/ControlRig/Content/Controls/ControlRig_Diamond_3mm.ubulk" 310
"../../../Engine/Plugins/Animation/ControlRig/Content/Controls/ControlRig_Diamond_3mm.uasset" 311
"../../../Engine/Plugins/Animation/ControlRig/Content/Controls/ControlRig_Diamond_3mm.uexp" 312
"../../../Engine/Plugins/Animation/ControlRig/Content/Controls/ControlRig_Diamond_1mm.ubulk" 313
"../../../Engine/Plugins/Animation/ControlRig/Content/Controls/ControlRig_Diamond_1mm.uasset" 314
"../../../Engine/Plugins/Animation/ControlRig/Content/Controls/ControlRig_Diamond_1mm.uexp" 315
"../../../Engine/Plugins/Animation/ControlRig/Content/Controls/ControlRig_Circle_solid.ubulk" 316
"../../../Engine/Plugins/Animation/ControlRig/Content/Controls/ControlRig_Circle_solid.uasset" 317
"../../../Engine/Plugins/Animation/ControlRig/Content/Controls/ControlRig_Circle_solid.uexp" 318
"../../../Engine/Plugins/Animation/ControlRig/Content/Controls/ControlRig_Circle_3mm.ubulk" 319
"../../../Engine/Plugins/Animation/ControlRig/Content/Controls/ControlRig_Circle_3mm.uasset" 320
"../../../Engine/Plugins/Animation/ControlRig/Content/Controls/ControlRig_Circle_3mm.uexp" 321
"../../../Engine/Plugins/Animation/ControlRig/Content/Controls/ControlRig_Circle_1mm.ubulk" 322
"../../../Engine/Plugins/Animation/ControlRig/Content/Controls/ControlRig_Circle_1mm.uasset" 323
"../../../Engine/Plugins/Animation/ControlRig/Content/Controls/ControlRig_Circle_1mm.uexp" 324
"../../../Engine/Plugins/Animation/ControlRig/Content/Controls/ControlRig_Box_solid.ubulk" 325
"../../../Engine/Plugins/Animation/ControlRig/Content/Controls/ControlRig_Box_solid.uasset" 326
"../../../Engine/Plugins/Animation/ControlRig/Content/Controls/ControlRig_Box_solid.uexp" 327
"../../../Engine/Plugins/Animation/ControlRig/Content/Controls/ControlRig_Box_3mm.ubulk" 328
"../../../Engine/Plugins/Animation/ControlRig/Content/Controls/ControlRig_Box_3mm.uasset" 329
"../../../Engine/Plugins/Animation/ControlRig/Content/Controls/ControlRig_Box_3mm.uexp" 330
"../../../Engine/Plugins/Animation/ControlRig/Content/Controls/ControlRig_Box_1mm.ubulk" 331
"../../../Engine/Plugins/Animation/ControlRig/Content/Controls/ControlRig_Box_1mm.uasset" 332
"../../../Engine/Plugins/Animation/ControlRig/Content/Controls/ControlRig_Box_1mm.uexp" 333
"../../../Engine/Plugins/Animation/ControlRig/Content/Controls/ControlRig_Arrow_solid.ubulk" 334
"../../../Engine/Plugins/Animation/ControlRig/Content/Controls/ControlRig_Arrow_solid.uasset" 335
"../../../Engine/Plugins/Animation/ControlRig/Content/Controls/ControlRig_Arrow_solid.uexp" 336
"../../../Engine/Plugins/Animation/ControlRig/Content/Controls/ControlRig_Arrow_3mm.ubulk" 337
"../../../Engine/Plugins/Animation/ControlRig/Content/Controls/ControlRig_Arrow_3mm.uasset" 338
"../../../Engine/Plugins/Animation/ControlRig/Content/Controls/ControlRig_Arrow_3mm.uexp" 339
"../../../Engine/Plugins/Animation/ControlRig/Content/Controls/ControlRig_Arrow_1mm.ubulk" 340
"../../../Engine/Plugins/Animation/ControlRig/Content/Controls/ControlRig_Arrow_1mm.uasset" 341
"../../../Engine/Plugins/Animation/ControlRig/Content/Controls/ControlRig_Arrow_1mm.uexp" 342
"../../../Engine/Plugins/Animation/ControlRig/Content/Controls/ControlRig_Arrow4_solid.ubulk" 343
"../../../Engine/Plugins/Animation/ControlRig/Content/Controls/ControlRig_Arrow4_solid.uasset" 344
"../../../Engine/Plugins/Animation/ControlRig/Content/Controls/ControlRig_Arrow4_solid.uexp" 345
"../../../Engine/Plugins/Animation/ControlRig/Content/Controls/ControlRig_Arrow4_3mm.ubulk" 346
"../../../Engine/Plugins/Animation/ControlRig/Content/Controls/ControlRig_Arrow4_3mm.uasset" 347
"../../../Engine/Plugins/Animation/ControlRig/Content/Controls/ControlRig_Arrow4_3mm.uexp" 348
"../../../Engine/Plugins/Animation/ControlRig/Content/Controls/ControlRig_Arrow4_1mm.ubulk" 349
"../../../Engine/Plugins/Animation/ControlRig/Content/Controls/ControlRig_Arrow4_1mm.uasset" 350
"../../../Engine/Plugins/Animation/ControlRig/Content/Controls/ControlRig_Arrow4_1mm.uexp" 351
"../../../Engine/Plugins/Animation/ControlRig/Content/Controls/ControlRig_Arrow2_solid.ubulk" 352
"../../../Engine/Plugins/Animation/ControlRig/Content/Controls/ControlRig_Arrow2_solid.uasset" 353
"../../../Engine/Plugins/Animation/ControlRig/Content/Controls/ControlRig_Arrow2_solid.uexp" 354
"../../../Engine/Plugins/Animation/ControlRig/Content/Controls/ControlRig_Arrow2_3mm.ubulk" 355
"../../../Engine/Plugins/Animation/ControlRig/Content/Controls/ControlRig_Arrow2_3mm.uasset" 356
"../../../Engine/Plugins/Animation/ControlRig/Content/Controls/ControlRig_Arrow2_3mm.uexp" 357
"../../../Engine/Plugins/Animation/ControlRig/Content/Controls/ControlRig_Arrow2_1mm.ubulk" 358
"../../../Engine/Plugins/Animation/ControlRig/Content/Controls/ControlRig_Arrow2_1mm.uasset" 359
"../../../Engine/Plugins/Animation/ControlRig/Content/Controls/ControlRig_Arrow2_1mm.uexp" 360
"../../../Engine/Plugins/Animation/ControlRig/Content/Controls/ControlRigXRayMaterial.uasset" 361
"../../../Engine/Plugins/Animation/ControlRig/Content/Controls/ControlRigXRayMaterial.uexp" 362
"../../../Engine/Plugins/Animation/ControlRig/Content/Controls/ControlRigGizmoMaterial.uasset" 363
"../../../Engine/Plugins/Animation/ControlRig/Content/Controls/ControlRigGizmoMaterial.uexp" 364
"../../../Engine/Plugins/Interchange/Runtime/Content/Pipelines/DefaultTexturePipeline.uasset" 365
"../../../Engine/Plugins/Interchange/Runtime/Content/Pipelines/DefaultTexturePipeline.uexp" 366
"../../../Engine/Plugins/Interchange/Runtime/Content/Pipelines/DefaultSceneLevelPipeline.uasset" 367
"../../../Engine/Plugins/Interchange/Runtime/Content/Pipelines/DefaultSceneLevelPipeline.uexp" 368
"../../../Engine/Plugins/Interchange/Runtime/Content/Pipelines/DefaultSceneAssetsPipeline.uasset" 369
"../../../Engine/Plugins/Interchange/Runtime/Content/Pipelines/DefaultSceneAssetsPipeline.uexp" 370
"../../../Engine/Plugins/Interchange/Runtime/Content/Pipelines/DefaultMaterialPipeline.uasset" 371
"../../../Engine/Plugins/Interchange/Runtime/Content/Pipelines/DefaultMaterialPipeline.uexp" 372
"../../../Engine/Plugins/Interchange/Runtime/Content/Pipelines/DefaultAssetsPipeline.uasset" 373
"../../../Engine/Plugins/Interchange/Runtime/Content/Pipelines/DefaultAssetsPipeline.uexp" 374
"C:/Users/admin/Documents/Unreal Projects/Yolko_Unreal/Content/Environment/Box/Material_001.uasset" 375
"C:/Users/admin/Documents/Unreal Projects/Yolko_Unreal/Content/Environment/Box/Material_001.uexp" 376
"C:/Users/admin/Documents/Unreal Projects/Yolko_Unreal/Content/Environment/Box/Cylinder_002.ubulk" 377
"C:/Users/admin/Documents/Unreal Projects/Yolko_Unreal/Content/Environment/Box/Cylinder_002.uasset" 378
"C:/Users/admin/Documents/Unreal Projects/Yolko_Unreal/Content/Environment/Box/Cylinder_002.uexp" 379
"../../../Engine/Content/BasicShapes/Cube.ubulk" 380
"../../../Engine/Content/BasicShapes/Cube.uasset" 381
"../../../Engine/Content/BasicShapes/Cube.uexp" 382
"C:/Users/admin/Documents/Unreal Projects/Yolko_Unreal/Content/Blueprint/Interface/BPI_BoxInteract.uasset" 383
"C:/Users/admin/Documents/Unreal Projects/Yolko_Unreal/Content/Blueprint/Interface/BPI_BoxInteract.uexp" 384
"C:/Users/admin/Documents/Unreal Projects/Yolko_Unreal/Content/Material/BoxMaterial.uasset" 385
"C:/Users/admin/Documents/Unreal Projects/Yolko_Unreal/Content/Material/BoxMaterial.uexp" 386
"C:/Users/admin/Documents/Unreal Projects/Yolko_Unreal/Content/UI/WB_Pause.uasset" 387
"C:/Users/admin/Documents/Unreal Projects/Yolko_Unreal/Content/UI/WB_Pause.uexp" 388
"../../../Engine/Content/EngineSounds/Master.uasset" 389
"../../../Engine/Content/EngineSounds/Master.uexp" 390
"C:/Users/admin/Documents/Unreal Projects/Yolko_Unreal/Content/Audio/BGM.ubulk" 391
"C:/Users/admin/Documents/Unreal Projects/Yolko_Unreal/Content/Audio/BGM.uasset" 392
"C:/Users/admin/Documents/Unreal Projects/Yolko_Unreal/Content/Audio/BGM.uexp" 393
"C:/Users/admin/Documents/Unreal Projects/Yolko_Unreal/Content/Audio/BGM_Cue.uasset" 394
"C:/Users/admin/Documents/Unreal Projects/Yolko_Unreal/Content/Audio/BGM_Cue.uexp" 395
"C:/Users/admin/Documents/Unreal Projects/Yolko_Unreal/Content/Audio/YolkoSoundConcurrency.uasset" 396
"C:/Users/admin/Documents/Unreal Projects/Yolko_Unreal/Content/Audio/YolkoSoundConcurrency.uexp" 397
"C:/Users/admin/Documents/Unreal Projects/Yolko_Unreal/Content/Sprites/Portraits/yolko_portraits_4_resize.uasset" 398
"C:/Users/admin/Documents/Unreal Projects/Yolko_Unreal/Content/Sprites/Portraits/yolko_portraits_4_resize.uexp" 399
"C:/Users/admin/Documents/Unreal Projects/Yolko_Unreal/Content/Sprites/Portraits/yolko_portraits_5_resize.uasset" 400
"C:/Users/admin/Documents/Unreal Projects/Yolko_Unreal/Content/Sprites/Portraits/yolko_portraits_5_resize.uexp" 401
"C:/Users/admin/Documents/Unreal Projects/Yolko_Unreal/Content/Sprites/Portraits/yolko_portraits_2_resize.uasset" 402
"C:/Users/admin/Documents/Unreal Projects/Yolko_Unreal/Content/Sprites/Portraits/yolko_portraits_2_resize.uexp" 403
"C:/Users/admin/Documents/Unreal Projects/Yolko_Unreal/Content/Sprites/Portraits/yolko_portraits_1_resize.uasset" 404
"C:/Users/admin/Documents/Unreal Projects/Yolko_Unreal/Content/Sprites/Portraits/yolko_portraits_1_resize.uexp" 405
"C:/Users/admin/Documents/Unreal Projects/Yolko_Unreal/Content/Sprites/Portraits/yolko_portraits_3_resize.uasset" 406
"C:/Users/admin/Documents/Unreal Projects/Yolko_Unreal/Content/Sprites/Portraits/yolko_portraits_3_resize.uexp" 407
"C:/Users/admin/Documents/Unreal Projects/Yolko_Unreal/Content/Sprites/UI/Dialogue_Box_1.uasset" 408
"C:/Users/admin/Documents/Unreal Projects/Yolko_Unreal/Content/Sprites/UI/Dialogue_Box_1.uexp" 409
"../../../Engine/Content/MaterialTemplates/LayerBlends/T_DefaultMaskTexture.uasset" 410
"../../../Engine/Content/MaterialTemplates/LayerBlends/T_DefaultMaskTexture.uexp" 411
"../../../Engine/Content/EditorBlueprintResources/StandardMacros.uasset" 412
"../../../Engine/Content/EditorBlueprintResources/StandardMacros.uexp" 413
"C:/Users/admin/Documents/Unreal Projects/Yolko_Unreal/Content/Sprites/Portraits/yolko_portraits_6_resize.uasset" 414
"C:/Users/admin/Documents/Unreal Projects/Yolko_Unreal/Content/Sprites/Portraits/yolko_portraits_6_resize.uexp" 415
"C:/Users/admin/Documents/Unreal Projects/Yolko_Unreal/Content/UI/WB_Dialogue.uasset" 416
"C:/Users/admin/Documents/Unreal Projects/Yolko_Unreal/Content/UI/WB_Dialogue.uexp" 417
"C:/Users/admin/Documents/Unreal Projects/Yolko_Unreal/Content/Blueprint/GameInstance/GI_YolkoGameInstance.uasset" 418
"C:/Users/admin/Documents/Unreal Projects/Yolko_Unreal/Content/Blueprint/GameInstance/GI_YolkoGameInstance.uexp" 419
"C:/Users/admin/Documents/Unreal Projects/Yolko_Unreal/Content/Input/Restart_IA.uasset" 420
"C:/Users/admin/Documents/Unreal Projects/Yolko_Unreal/Content/Input/Restart_IA.uexp" 421
"C:/Users/admin/Documents/Unreal Projects/Yolko_Unreal/Content/Blueprint/Interface/BPI_Interact.uasset" 422
"C:/Users/admin/Documents/Unreal Projects/Yolko_Unreal/Content/Blueprint/Interface/BPI_Interact.uexp" 423
"C:/Users/admin/Documents/Unreal Projects/Yolko_Unreal/Content/Input/Hint_IA.uasset" 424
"C:/Users/admin/Documents/Unreal Projects/Yolko_Unreal/Content/Input/Hint_IA.uexp" 425
"C:/Users/admin/Documents/Unreal Projects/Yolko_Unreal/Content/Input/Pause_IA.uasset" 426
"C:/Users/admin/Documents/Unreal Projects/Yolko_Unreal/Content/Input/Pause_IA.uexp" 427
"C:/Users/admin/Documents/Unreal Projects/Yolko_Unreal/Content/Input/Move_IA.uasset" 428
"C:/Users/admin/Documents/Unreal Projects/Yolko_Unreal/Content/Input/Move_IA.uexp" 429
"C:/Users/admin/Documents/Unreal Projects/Yolko_Unreal/Content/Input/Yolko_IMC.uasset" 430
"C:/Users/admin/Documents/Unreal Projects/Yolko_Unreal/Content/Input/Yolko_IMC.uexp" 431
"../../../Engine/Plugins/2D/Paper2D/Content/TranslucentUnlitSpriteMaterial.uasset" 432
"../../../Engine/Plugins/2D/Paper2D/Content/TranslucentUnlitSpriteMaterial.uexp" 433
"C:/Users/admin/Documents/Unreal Projects/Yolko_Unreal/Content/Sprites/yolko2_sprite_yolko_2.uasset" 434
"C:/Users/admin/Documents/Unreal Projects/Yolko_Unreal/Content/Sprites/yolko2_sprite_yolko_2.uexp" 435
"C:/Users/admin/Documents/Unreal Projects/Yolko_Unreal/Content/Sprites/yolko2_sprite_yolko_2_Sprite_0.uasset" 436
"C:/Users/admin/Documents/Unreal Projects/Yolko_Unreal/Content/Sprites/yolko2_sprite_yolko_2_Sprite_0.uexp" 437
"C:/Users/admin/Documents/Unreal Projects/Yolko_Unreal/Content/Sprites/yolko2_sprite_yolko_1.uasset" 438
"C:/Users/admin/Documents/Unreal Projects/Yolko_Unreal/Content/Sprites/yolko2_sprite_yolko_1.uexp" 439
"C:/Users/admin/Documents/Unreal Projects/Yolko_Unreal/Content/Sprites/yolko2_sprite_yolko_1_Sprite_0.uasset" 440
"C:/Users/admin/Documents/Unreal Projects/Yolko_Unreal/Content/Sprites/yolko2_sprite_yolko_1_Sprite_0.uexp" 441
"C:/Users/admin/Documents/Unreal Projects/Yolko_Unreal/Content/Sprites/yolko2_sprite_yolko_0.uasset" 442
"C:/Users/admin/Documents/Unreal Projects/Yolko_Unreal/Content/Sprites/yolko2_sprite_yolko_0.uexp" 443
"C:/Users/admin/Documents/Unreal Projects/Yolko_Unreal/Content/Sprites/yolko2_sprite_yolko_0_Sprite_0.uasset" 444
"C:/Users/admin/Documents/Unreal Projects/Yolko_Unreal/Content/Sprites/yolko2_sprite_yolko_0_Sprite_0.uexp" 445
"C:/Users/admin/Documents/Unreal Projects/Yolko_Unreal/Content/FlipBook/Flipbook_YolkoWalk.uasset" 446
"C:/Users/admin/Documents/Unreal Projects/Yolko_Unreal/Content/FlipBook/Flipbook_YolkoWalk.uexp" 447
"C:/Users/admin/Documents/Unreal Projects/Yolko_Unreal/Content/Blueprint/BP_Player.uasset" 448
"C:/Users/admin/Documents/Unreal Projects/Yolko_Unreal/Content/Blueprint/BP_Player.uexp" 449
"C:/Users/admin/Documents/Unreal Projects/Yolko_Unreal/Content/Audio/Object_dragged_FIXED.ubulk" 450
"C:/Users/admin/Documents/Unreal Projects/Yolko_Unreal/Content/Audio/Object_dragged_FIXED.uasset" 451
"C:/Users/admin/Documents/Unreal Projects/Yolko_Unreal/Content/Audio/Object_dragged_FIXED.uexp" 452
"C:/Users/admin/Documents/Unreal Projects/Yolko_Unreal/Content/Sprites/Box_Faces/default_box_top.uasset" 453
"C:/Users/admin/Documents/Unreal Projects/Yolko_Unreal/Content/Sprites/Box_Faces/default_box_top.uexp" 454
"../../../Engine/Plugins/2D/Paper2D/Content/PlaceholderTextures/FlatNormalMap.uasset" 455
"../../../Engine/Plugins/2D/Paper2D/Content/PlaceholderTextures/FlatNormalMap.uexp" 456
"../../../Engine/Plugins/2D/Paper2D/Content/DefaultLitSpriteMaterial.uasset" 457
"../../../Engine/Plugins/2D/Paper2D/Content/DefaultLitSpriteMaterial.uexp" 458
"../../../Engine/Plugins/2D/Paper2D/Content/MaskedLitSpriteMaterial.uasset" 459
"../../../Engine/Plugins/2D/Paper2D/Content/MaskedLitSpriteMaterial.uexp" 460
"C:/Users/admin/Documents/Unreal Projects/Yolko_Unreal/Content/Sprites/Box_Faces/default_box_top_Sprite.uasset" 461
"C:/Users/admin/Documents/Unreal Projects/Yolko_Unreal/Content/Sprites/Box_Faces/default_box_top_Sprite.uexp" 462
"C:/Users/admin/Documents/Unreal Projects/Yolko_Unreal/Content/Sprites/Box_Faces/box_side.uasset" 463
"C:/Users/admin/Documents/Unreal Projects/Yolko_Unreal/Content/Sprites/Box_Faces/box_side.uexp" 464
"C:/Users/admin/Documents/Unreal Projects/Yolko_Unreal/Content/Sprites/Box_Faces/box_side_Sprite.uasset" 465
"C:/Users/admin/Documents/Unreal Projects/Yolko_Unreal/Content/Sprites/Box_Faces/box_side_Sprite.uexp" 466
"C:/Users/admin/Documents/Unreal Projects/Yolko_Unreal/Content/Sprites/Box_Faces/box_front-back.uasset" 467
"C:/Users/admin/Documents/Unreal Projects/Yolko_Unreal/Content/Sprites/Box_Faces/box_front-back.uexp" 468
"C:/Users/admin/Documents/Unreal Projects/Yolko_Unreal/Content/Sprites/Box_Faces/box_front-back_Sprite.uasset" 469
"C:/Users/admin/Documents/Unreal Projects/Yolko_Unreal/Content/Sprites/Box_Faces/box_front-back_Sprite.uexp" 470
"C:/Users/admin/Documents/Unreal Projects/Yolko_Unreal/Content/Blueprint/BP_Box.uasset" 471
"C:/Users/admin/Documents/Unreal Projects/Yolko_Unreal/Content/Blueprint/BP_Box.uexp" 472
"C:/Users/admin/Documents/Unreal Projects/Yolko_Unreal/Content/Blueprint/Interface/BPI_Test.uasset" 473
"C:/Users/admin/Documents/Unreal Projects/Yolko_Unreal/Content/Blueprint/Interface/BPI_Test.uexp" 474
"C:/Users/admin/Documents/Unreal Projects/Yolko_Unreal/Content/Audio/Door_FIXED.ubulk" 475
"C:/Users/admin/Documents/Unreal Projects/Yolko_Unreal/Content/Audio/Door_FIXED.uasset" 476
"C:/Users/admin/Documents/Unreal Projects/Yolko_Unreal/Content/Audio/Door_FIXED.uexp" 477
"C:/Users/admin/Documents/Unreal Projects/Yolko_Unreal/Content/Blueprint/BP_Door.uasset" 478
"C:/Users/admin/Documents/Unreal Projects/Yolko_Unreal/Content/Blueprint/BP_Door.uexp" 479
"../../../Engine/Content/EngineMaterials/DefaultMaterial.uasset" 480
"../../../Engine/Content/EngineMaterials/DefaultMaterial.uexp" 481
"../../../Engine/Content/BasicShapes/Sphere.ubulk" 482
"../../../Engine/Content/BasicShapes/Sphere.uasset" 483
"../../../Engine/Content/BasicShapes/Sphere.uexp" 484
"C:/Users/admin/Documents/Unreal Projects/Yolko_Unreal/Content/Audio/Pocket_Keys_FIXED.ubulk" 485
"C:/Users/admin/Documents/Unreal Projects/Yolko_Unreal/Content/Audio/Pocket_Keys_FIXED.uasset" 486
"C:/Users/admin/Documents/Unreal Projects/Yolko_Unreal/Content/Audio/Pocket_Keys_FIXED.uexp" 487
"C:/Users/admin/Documents/Unreal Projects/Yolko_Unreal/Content/Sprites/UI/KeyHUD_1.uasset" 488
"C:/Users/admin/Documents/Unreal Projects/Yolko_Unreal/Content/Sprites/UI/KeyHUD_1.uexp" 489
"C:/Users/admin/Documents/Unreal Projects/Yolko_Unreal/Content/Sprites/UI/KeyHUD_yolkowabi_1.uasset" 490
"C:/Users/admin/Documents/Unreal Projects/Yolko_Unreal/Content/Sprites/UI/KeyHUD_yolkowabi_1.uexp" 491
"C:/Users/admin/Documents/Unreal Projects/Yolko_Unreal/Content/Sprites/UI/KeyHUD_unnieunaggie_1.uasset" 492
"C:/Users/admin/Documents/Unreal Projects/Yolko_Unreal/Content/Sprites/UI/KeyHUD_unnieunaggie_1.uexp" 493
"C:/Users/admin/Documents/Unreal Projects/Yolko_Unreal/Content/Sprites/UI/KeyHUD_kaniroll_1.uasset" 494
"C:/Users/admin/Documents/Unreal Projects/Yolko_Unreal/Content/Sprites/UI/KeyHUD_kaniroll_1.uexp" 495
"C:/Users/admin/Documents/Unreal Projects/Yolko_Unreal/Content/Sprites/UI/LevelCounter_1.uasset" 496
"C:/Users/admin/Documents/Unreal Projects/Yolko_Unreal/Content/Sprites/UI/LevelCounter_1.uexp" 497
"C:/Users/admin/Documents/Unreal Projects/Yolko_Unreal/Content/Sprites/UI/LevelCounter_2.uasset" 498
"C:/Users/admin/Documents/Unreal Projects/Yolko_Unreal/Content/Sprites/UI/LevelCounter_2.uexp" 499
"C:/Users/admin/Documents/Unreal Projects/Yolko_Unreal/Content/Sprites/UI/LevelCounter_3.uasset" 500
"C:/Users/admin/Documents/Unreal Projects/Yolko_Unreal/Content/Sprites/UI/LevelCounter_3.uexp" 501
"C:/Users/admin/Documents/Unreal Projects/Yolko_Unreal/Content/UI/WB_GameUI.uasset" 502
"C:/Users/admin/Documents/Unreal Projects/Yolko_Unreal/Content/UI/WB_GameUI.uexp" 503
"C:/Users/admin/Documents/Unreal Projects/Yolko_Unreal/Content/Blueprint/YolkoGameModeBase.uasset" 504
"C:/Users/admin/Documents/Unreal Projects/Yolko_Unreal/Content/Blueprint/YolkoGameModeBase.uexp" 505
"C:/Users/admin/Documents/Unreal Projects/Yolko_Unreal/Content/Material/PropBarrierMaterial.uasset" 506
"C:/Users/admin/Documents/Unreal Projects/Yolko_Unreal/Content/Material/PropBarrierMaterial.uexp" 507
"C:/Users/admin/Documents/Unreal Projects/Yolko_Unreal/Content/Sprites/UI/KeyHUD_yolkowabi_1_Sprite.uasset" 508
"C:/Users/admin/Documents/Unreal Projects/Yolko_Unreal/Content/Sprites/UI/KeyHUD_yolkowabi_1_Sprite.uexp" 509
"C:/Users/admin/Documents/Unreal Projects/Yolko_Unreal/Content/Sprites/UI/KeyHUD_unnieunaggie_1_Sprite.uasset" 510
"C:/Users/admin/Documents/Unreal Projects/Yolko_Unreal/Content/Sprites/UI/KeyHUD_unnieunaggie_1_Sprite.uexp" 511
"C:/Users/admin/Documents/Unreal Projects/Yolko_Unreal/Content/Sprites/UI/KeyHUD_kaniroll_1_Sprite.uasset" 512
"C:/Users/admin/Documents/Unreal Projects/Yolko_Unreal/Content/Sprites/UI/KeyHUD_kaniroll_1_Sprite.uexp" 513
"C:/Users/admin/Documents/Unreal Projects/Yolko_Unreal/Content/Blueprint/BP_Key.uasset" 514
"C:/Users/admin/Documents/Unreal Projects/Yolko_Unreal/Content/Blueprint/BP_Key.uexp" 515
"C:/Users/admin/Documents/Unreal Projects/Yolko_Unreal/Content/Blueprint/ActorComponents/DoorLockComponent.uasset" 516
"C:/Users/admin/Documents/Unreal Projects/Yolko_Unreal/Content/Blueprint/ActorComponents/DoorLockComponent.uexp" 517
"C:/Users/admin/Documents/Unreal Projects/Yolko_Unreal/Content/Audio/footsteps_FIXED.ubulk" 518
"C:/Users/admin/Documents/Unreal Projects/Yolko_Unreal/Content/Audio/footsteps_FIXED.uasset" 519
"C:/Users/admin/Documents/Unreal Projects/Yolko_Unreal/Content/Audio/footsteps_FIXED.uexp" 520
"../../../Engine/Plugins/Runtime/MeshModelingToolset/Content/Materials/M_DynamicMeshComponentVtxColor.uasset" 521
"../../../Engine/Plugins/Runtime/MeshModelingToolset/Content/Materials/M_DynamicMeshComponentVtxColor.uexp" 522
"../../../Engine/Content/MobileResources/HUD/VirtualJoystick_Background.uasset" 523
"../../../Engine/Content/MobileResources/HUD/VirtualJoystick_Background.uexp" 524
"../../../Engine/Content/MobileResources/HUD/VirtualJoystick_Thumb.uasset" 525
"../../../Engine/Content/MobileResources/HUD/VirtualJoystick_Thumb.uexp" 526
"../../../Engine/Content/MobileResources/HUD/DefaultVirtualJoysticks.uasset" 527
"../../../Engine/Content/MobileResources/HUD/DefaultVirtualJoysticks.uexp" 528
"../../../Engine/Content/Functions/Engine_MaterialFunctions01/Shading/PowerToRoughness.uasset" 529
"../../../Engine/Content/Functions/Engine_MaterialFunctions01/Shading/PowerToRoughness.uexp" 530
"../../../Engine/Content/Functions/Engine_MaterialFunctions01/Shading/ConvertFromDiffSpec.uasset" 531
"../../../Engine/Content/Functions/Engine_MaterialFunctions01/Shading/ConvertFromDiffSpec.uexp" 532
"../../../Engine/Content/EngineSky/VolumetricClouds/CloudWeatherTexture.uasset" 533
"../../../Engine/Content/EngineSky/VolumetricClouds/CloudWeatherTexture.uexp" 534
"../../../Engine/Content/Functions/Engine_MaterialFunctions02/Utility/MakeFloat2.uasset" 535
"../../../Engine/Content/Functions/Engine_MaterialFunctions02/Utility/MakeFloat2.uexp" 536
"../../../Engine/Content/EngineSky/VolumetricClouds/CloudGradientTexture.uasset" 537
"../../../Engine/Content/EngineSky/VolumetricClouds/CloudGradientTexture.uexp" 538
"../../../Engine/Content/EngineSky/VolumetricClouds/T_NoiseShape64.ubulk" 539
"../../../Engine/Content/EngineSky/VolumetricClouds/T_NoiseShape64.uasset" 540
"../../../Engine/Content/EngineSky/VolumetricClouds/T_NoiseShape64.uexp" 541
"../../../Engine/Content/EngineSky/VolumetricClouds/T_VolumeNoiseShape64.uasset" 542
"../../../Engine/Content/EngineSky/VolumetricClouds/T_VolumeNoiseShape64.uexp" 543
"../../../Engine/Content/EngineSky/VolumetricClouds/T_NoiseErosion.ubulk" 544
"../../../Engine/Content/EngineSky/VolumetricClouds/T_NoiseErosion.uasset" 545
"../../../Engine/Content/EngineSky/VolumetricClouds/T_NoiseErosion.uexp" 546
"../../../Engine/Content/EngineSky/VolumetricClouds/T_VolumeNoiseErosion32.uasset" 547
"../../../Engine/Content/EngineSky/VolumetricClouds/T_VolumeNoiseErosion32.uexp" 548
"../../../Engine/Content/EngineSky/VolumetricClouds/m_SimpleVolumetricCloud.uasset" 549
"../../../Engine/Content/EngineSky/VolumetricClouds/m_SimpleVolumetricCloud.uexp" 550
"../../../Engine/Content/EngineSky/VolumetricClouds/m_SimpleVolumetricCloud_Inst.uasset" 551
"../../../Engine/Content/EngineSky/VolumetricClouds/m_SimpleVolumetricCloud_Inst.uexp" 552
"../../../Engine/Content/EngineResources/FilmGrains/Marcie_Grain_v3_128_M2_000.uasset" 553
"../../../Engine/Content/EngineResources/FilmGrains/Marcie_Grain_v3_128_M2_000.uexp" 554
"../../../Engine/Content/EngineMaterials/STBlueNoise_vec2_128x128x64.uasset" 555
"../../../Engine/Content/EngineMaterials/STBlueNoise_vec2_128x128x64.uexp" 556
"../../../Engine/Content/EngineMaterials/STBlueNoise_scalar_128x128x64.uasset" 557
"../../../Engine/Content/EngineMaterials/STBlueNoise_scalar_128x128x64.uexp" 558
"../../../Engine/Content/EngineMaterials/RemoveSurfaceMaterial.uasset" 559
"../../../Engine/Content/EngineMaterials/RemoveSurfaceMaterial.uexp" 560
"../../../Engine/Content/EngineMaterials/DefaultCalibrationGrayscale.uasset" 561
"../../../Engine/Content/EngineMaterials/DefaultCalibrationGrayscale.uexp" 562
"../../../Engine/Content/EngineMaterials/PPM_DefaultCalibrationGrayscale.uasset" 563
"../../../Engine/Content/EngineMaterials/PPM_DefaultCalibrationGrayscale.uexp" 564
"../../../Engine/Content/EngineMaterials/DefaultCalibrationColor.uasset" 565
"../../../Engine/Content/EngineMaterials/DefaultCalibrationColor.uexp" 566
"../../../Engine/Content/EngineMaterials/PPM_DefaultCalibrationColor.uasset" 567
"../../../Engine/Content/EngineMaterials/PPM_DefaultCalibrationColor.uexp" 568
"../../../Engine/Content/EngineMaterials/PhAT_JointLimitMaterial.uasset" 569
"../../../Engine/Content/EngineMaterials/PhAT_JointLimitMaterial.uexp" 570
"../../../Engine/Content/EngineMaterials/NaniteHiddenSectionMaterial.uasset" 571
"../../../Engine/Content/EngineMaterials/NaniteHiddenSectionMaterial.uexp" 572
"../../../Engine/Content/EngineMaterials/InvalidLightmapSettings.ubulk" 573
"../../../Engine/Content/EngineMaterials/InvalidLightmapSettings.uasset" 574
"../../../Engine/Content/EngineMaterials/InvalidLightmapSettings.uexp" 575
"../../../Engine/Content/EngineMaterials/M_InvalidLightmapSettings.uasset" 576
"../../../Engine/Content/EngineMaterials/M_InvalidLightmapSettings.uexp" 577
"../../../Engine/Content/EngineMaterials/GizmoMaterial.uasset" 578
"../../../Engine/Content/EngineMaterials/GizmoMaterial.uexp" 579
"../../../Engine/Content/EngineMaterials/BaseFlattenEmissiveMap_VT.uasset" 580
"../../../Engine/Content/EngineMaterials/BaseFlattenEmissiveMap_VT.uexp" 581
"../../../Engine/Content/EngineMaterials/BaseFlattenGrayscaleMap_VT.uasset" 582
"../../../Engine/Content/EngineMaterials/BaseFlattenGrayscaleMap_VT.uexp" 583
"../../../Engine/Content/EngineMaterials/BaseFlattenLinearColor_VT.uasset" 584
"../../../Engine/Content/EngineMaterials/BaseFlattenLinearColor_VT.uexp" 585
"../../../Engine/Content/EngineMaterials/Black_1x1_EXR_Texture_VT.uasset" 586
"../../../Engine/Content/EngineMaterials/Black_1x1_EXR_Texture_VT.uexp" 587
"../../../Engine/Content/EngineMaterials/BaseFlattenDiffuseMap_VT.uasset" 588
"../../../Engine/Content/EngineMaterials/BaseFlattenDiffuseMap_VT.uexp" 589
"../../../Engine/Content/EngineMaterials/BaseFlattenNormalMap_VT.uasset" 590
"../../../Engine/Content/EngineMaterials/BaseFlattenNormalMap_VT.uexp" 591
"../../../Engine/Content/EngineMaterials/FlattenMaterial_WS_Normal_VT.uasset" 592
"../../../Engine/Content/EngineMaterials/FlattenMaterial_WS_Normal_VT.uexp" 593
"../../../Engine/Content/EngineMaterials/FlattenMaterial_VT.uasset" 594
"../../../Engine/Content/EngineMaterials/FlattenMaterial_VT.uexp" 595
"../../../Engine/Content/EngineMaterials/BaseFlattenNormalMap.uasset" 596
"../../../Engine/Content/EngineMaterials/BaseFlattenNormalMap.uexp" 597
"../../../Engine/Content/EngineMaterials/BaseFlattenGrayscaleMap.uasset" 598
"../../../Engine/Content/EngineMaterials/BaseFlattenGrayscaleMap.uexp" 599
"../../../Engine/Content/EngineMaterials/BaseFlattenDiffuseMap.uasset" 600
"../../../Engine/Content/EngineMaterials/BaseFlattenDiffuseMap.uexp" 601
"../../../Engine/Content/Functions/Engine_MaterialFunctions02/PivotPainter2/Black_1x1_EXR_Texture.uasset" 602
"../../../Engine/Content/Functions/Engine_MaterialFunctions02/PivotPainter2/Black_1x1_EXR_Texture.uexp" 603
"../../../Engine/Content/EngineMaterials/BaseFlattenEmissiveMap.uasset" 604
"../../../Engine/Content/EngineMaterials/BaseFlattenEmissiveMap.uexp" 605
"../../../Engine/Content/EngineMaterials/BaseFlattenLinearColor.uasset" 606
"../../../Engine/Content/EngineMaterials/BaseFlattenLinearColor.uexp" 607
"../../../Engine/Content/EngineMaterials/FlattenMaterial.uasset" 608
"../../../Engine/Content/EngineMaterials/FlattenMaterial.uexp" 609
"../../../Engine/Content/EngineMaterials/DefaultWhiteGrid_Low.uasset" 610
"../../../Engine/Content/EngineMaterials/DefaultWhiteGrid_Low.uexp" 611
"../../../Engine/Content/EngineMaterials/EmissiveMeshMaterial.uasset" 612
"../../../Engine/Content/EngineMaterials/EmissiveMeshMaterial.uexp" 613
"../../../Engine/Content/EngineFonts/RobotoDistanceField.uasset" 614
"../../../Engine/Content/EngineFonts/RobotoDistanceField.uexp" 615
"../../../Engine/Content/EngineMaterials/DefaultTextMaterialOpaque.uasset" 616
"../../../Engine/Content/EngineMaterials/DefaultTextMaterialOpaque.uexp" 617
"../../../Engine/Content/EngineMaterials/DefaultDiffuse.ubulk" 618
"../../../Engine/Content/EngineMaterials/DefaultDiffuse.uasset" 619
"../../../Engine/Content/EngineMaterials/DefaultDiffuse.uexp" 620
"../../../Engine/Content/Functions/Engine_MaterialFunctions02/Utility/BreakOutFloat2Components.uasset" 621
"../../../Engine/Content/Functions/Engine_MaterialFunctions02/Utility/BreakOutFloat2Components.uexp" 622
"../../../Engine/Content/EngineMaterials/DefaultPostProcessMaterial.uasset" 623
"../../../Engine/Content/EngineMaterials/DefaultPostProcessMaterial.uexp" 624
"../../../Engine/Content/EngineMaterials/DefaultPhysicalMaterial.uasset" 625
"../../../Engine/Content/EngineMaterials/DefaultPhysicalMaterial.uexp" 626
"../../../Engine/Content/EngineMaterials/DefaultLightFunctionMaterial.uasset" 627
"../../../Engine/Content/EngineMaterials/DefaultLightFunctionMaterial.uexp" 628
"../../../Engine/Content/EngineMaterials/DefaultDestructiblePhysicalMaterial.uasset" 629
"../../../Engine/Content/EngineMaterials/DefaultDestructiblePhysicalMaterial.uexp" 630
"../../../Engine/Content/EngineMaterials/DefaultDeferredDecalMaterial.uasset" 631
"../../../Engine/Content/EngineMaterials/DefaultDeferredDecalMaterial.uexp" 632
"../../../Engine/Content/EngineMaterials/DefaultBloomKernel.uasset" 633
"../../../Engine/Content/EngineMaterials/DefaultBloomKernel.uexp" 634
"../../../Engine/Content/EngineFonts/Faces/RobotoLight.uexp" 635
"../../../Engine/Content/EngineFonts/Faces/RobotoLight.uasset" 636
"../../../Engine/Content/EngineFonts/Faces/RobotoLight.ufont" 637
"../../../Engine/Content/EngineFonts/Faces/RobotoBold.uexp" 638
"../../../Engine/Content/EngineFonts/Faces/RobotoBold.uasset" 639
"../../../Engine/Content/EngineFonts/Faces/RobotoBold.ufont" 640
"../../../Engine/Content/EngineFonts/Faces/RobotoRegular.uexp" 641
"../../../Engine/Content/EngineFonts/Faces/RobotoRegular.uasset" 642
"../../../Engine/Content/EngineFonts/Faces/RobotoRegular.ufont" 643
"../../../Engine/Content/EngineFonts/Faces/DroidSansFallback.uexp" 644
"../../../Engine/Content/EngineFonts/Faces/DroidSansFallback.uasset" 645
"../../../Engine/Content/EngineFonts/Faces/DroidSansFallback.ufont" 646
"../../../Engine/Content/EngineFonts/Faces/RobotoItalic.uexp" 647
"../../../Engine/Content/EngineFonts/Faces/RobotoItalic.uasset" 648
"../../../Engine/Content/EngineFonts/Faces/RobotoItalic.ufont" 649
"../../../Engine/Content/EngineFonts/Faces/RobotoBoldItalic.uexp" 650
"../../../Engine/Content/EngineFonts/Faces/RobotoBoldItalic.uasset" 651
"../../../Engine/Content/EngineFonts/Faces/RobotoBoldItalic.ufont" 652
"../../../Engine/Content/EngineFonts/Roboto.uasset" 653
"../../../Engine/Content/EngineFonts/Roboto.uexp" 654
"../../../Engine/Content/Functions/Engine_MaterialFunctions02/Utility/CameraDirectionVector.uasset" 655
"../../../Engine/Content/Functions/Engine_MaterialFunctions02/Utility/CameraDirectionVector.uexp" 656
"../../../Engine/Content/EngineDebugMaterials/VolumeToRender.uasset" 657
"../../../Engine/Content/EngineDebugMaterials/VolumeToRender.uexp" 658
"../../../Engine/Content/EngineDebugMaterials/M_VolumeRenderSphereTracePP.uasset" 659
"../../../Engine/Content/EngineDebugMaterials/M_VolumeRenderSphereTracePP.uexp" 660
"../../../Engine/Content/EngineDebugMaterials/M_SimpleUnlitTranslucent.uasset" 661
"../../../Engine/Content/EngineDebugMaterials/M_SimpleUnlitTranslucent.uexp" 662
"../../../Engine/Content/EngineDebugMaterials/DebugMeshMaterial.uasset" 663
"../../../Engine/Content/EngineDebugMaterials/DebugMeshMaterial.uexp" 664
"../../../Engine/Content/EngineDebugMaterials/DebugEditorMaterial.uasset" 665
"../../../Engine/Content/EngineDebugMaterials/DebugEditorMaterial.uexp" 666
"../../../Engine/Content/EngineDamageTypes/DmgTypeBP_Environmental.uasset" 667
"../../../Engine/Content/EngineDamageTypes/DmgTypeBP_Environmental.uexp" 668
"../../../Engine/Content/EditorResources/S_KPrismatic.ubulk" 669
"../../../Engine/Content/EditorResources/S_KPrismatic.uasset" 670
"../../../Engine/Content/EditorResources/S_KPrismatic.uexp" 671
"../../../Engine/Content/EditorResources/EmptyActor.uasset" 672
"../../../Engine/Content/EditorResources/EmptyActor.uexp" 673
"../../../Engine/Content/EditorResources/BSPVertex.uasset" 674
"../../../Engine/Content/EditorResources/BSPVertex.uexp" 675
"../../../Engine/Content/EditorResources/SequenceRecorder/RecordingIndicator.uasset" 676
"../../../Engine/Content/EditorResources/SequenceRecorder/RecordingIndicator.uexp" 677
"../../../Engine/Content/EditorResources/SequenceRecorder/Countdown.uasset" 678
"../../../Engine/Content/EditorResources/SequenceRecorder/Countdown.uexp" 679
"../../../Engine/Content/EditorMaterials/PreviewShadowIndicator.ubulk" 680
"../../../Engine/Content/EditorMaterials/PreviewShadowIndicator.uasset" 681
"../../../Engine/Content/EditorMaterials/PreviewShadowIndicator.uexp" 682
"../../../Engine/Content/EditorMaterials/PreviewShadowIndicatorMaterial.uasset" 683
"../../../Engine/Content/EditorMaterials/PreviewShadowIndicatorMaterial.uexp" 684
"../../../Engine/Content/EditorMaterials/PhAT_UnselectedMaterial.uasset" 685
"../../../Engine/Content/EditorMaterials/PhAT_UnselectedMaterial.uexp" 686
"../../../Engine/Content/EditorMaterials/PhAT_NoCollisionMaterial.uasset" 687
"../../../Engine/Content/EditorMaterials/PhAT_NoCollisionMaterial.uexp" 688
"../../../Engine/Content/EditorLandscapeResources/DefaultAlphaTexture.uasset" 689
"../../../Engine/Content/EditorLandscapeResources/DefaultAlphaTexture.uexp" 690
"../../../Engine/Content/EditorLandscapeResources/DataLayer.uasset" 691
"../../../Engine/Content/EditorLandscapeResources/DataLayer.uexp" 692
"../../../Engine/Content/BasicShapes/Cylinder.ubulk" 693
"../../../Engine/Content/BasicShapes/Cylinder.uasset" 694
"../../../Engine/Content/BasicShapes/Cylinder.uexp" 695
"../../../Engine/Content/BasicShapes/Cone.ubulk" 696
"../../../Engine/Content/BasicShapes/Cone.uasset" 697
"../../../Engine/Content/BasicShapes/Cone.uexp" 698
"../../../Engine/Content/BasicShapes/Plane.ubulk" 699
"../../../Engine/Content/BasicShapes/Plane.uasset" 700
"../../../Engine/Content/BasicShapes/Plane.uexp" 701
"../../../Engine/Content/BasicShapes/BasicShapeMaterial.uasset" 702
"../../../Engine/Content/BasicShapes/BasicShapeMaterial.uexp" 703
"C:/Users/admin/Documents/Unreal Projects/Yolko_Unreal/Content/Blueprint/BP_Test.uasset" 704
"C:/Users/admin/Documents/Unreal Projects/Yolko_Unreal/Content/Blueprint/BP_Test.uexp" 705
"../../../Engine/Content/EngineMaterials/DefaultDecalMaterial.uasset" 706
"../../../Engine/Content/EngineMaterials/DefaultDecalMaterial.uexp" 707
"../../../Engine/Content/EngineSky/C_Sky_Horizon_Color.uasset" 708
"../../../Engine/Content/EngineSky/C_Sky_Horizon_Color.uexp" 709
"../../../Engine/Content/EngineSky/T_Sky_Stars.ubulk" 710
"../../../Engine/Content/EngineSky/T_Sky_Stars.uasset" 711
"../../../Engine/Content/EngineSky/T_Sky_Stars.uexp" 712
"../../../Engine/Content/EngineSky/T_Sky_Clouds_M.ubulk" 713
"../../../Engine/Content/EngineSky/T_Sky_Clouds_M.uasset" 714
"../../../Engine/Content/EngineSky/T_Sky_Clouds_M.uexp" 715
"../../../Engine/Content/EngineSky/T_Sky_Blue.ubulk" 716
"../../../Engine/Content/EngineSky/T_Sky_Blue.uasset" 717
"../../../Engine/Content/EngineSky/T_Sky_Blue.uexp" 718
"../../../Engine/Content/EngineSky/M_Sky_Panning_Clouds2.uasset" 719
"../../../Engine/Content/EngineSky/M_Sky_Panning_Clouds2.uexp" 720
"../../../Engine/Content/EngineSky/SM_SkySphere.ubulk" 721
"../../../Engine/Content/EngineSky/SM_SkySphere.uasset" 722
"../../../Engine/Content/EngineSky/SM_SkySphere.uexp" 723
"../../../Engine/Content/EngineSky/C_Sky_Cloud_Color.uasset" 724
"../../../Engine/Content/EngineSky/C_Sky_Cloud_Color.uexp" 725
"../../../Engine/Content/EngineSky/C_Sky_Zenith_Color.uasset" 726
"../../../Engine/Content/EngineSky/C_Sky_Zenith_Color.uexp" 727
"../../../Engine/Content/EngineSky/BP_Sky_Sphere.uasset" 728
"../../../Engine/Content/EngineSky/BP_Sky_Sphere.uexp" 729
"../../../Engine/Content/MapTemplates/Materials/BasicAsset03.uasset" 730
"../../../Engine/Content/MapTemplates/Materials/BasicAsset03.uexp" 731
"C:/Users/admin/Documents/Unreal Projects/Yolko_Unreal/Content/Blueprint/BP_KeyGroundTrigger.uasset" 732
"C:/Users/admin/Documents/Unreal Projects/Yolko_Unreal/Content/Blueprint/BP_KeyGroundTrigger.uexp" 733
"C:/Users/admin/Documents/Unreal Projects/Yolko_Unreal/Content/DebugLevel.uexp" 734
"C:/Users/admin/Documents/Unreal Projects/Yolko_Unreal/Content/DebugLevel.umap" 735
"../../../Engine/Content/Maps/Entry_BuiltData.uasset" 736
"../../../Engine/Content/Maps/Entry_BuiltData.uexp" 737
"../../../Engine/Content/Maps/Entry.uexp" 738
"../../../Engine/Content/Maps/Entry.umap" 739
"C:/Users/admin/Documents/Unreal Projects/Yolko_Unreal/Content/Sprites/UI/end_cg.uasset" 740
"C:/Users/admin/Documents/Unreal Projects/Yolko_Unreal/Content/Sprites/UI/end_cg.uexp" 741
"C:/Users/admin/Documents/Unreal Projects/Yolko_Unreal/Content/UI/WB_Outro.uasset" 742
"C:/Users/admin/Documents/Unreal Projects/Yolko_Unreal/Content/UI/WB_Outro.uexp" 743
"C:/Users/admin/Documents/Unreal Projects/Yolko_Unreal/Content/Blueprint/Outro_ModeBase.uasset" 744
"C:/Users/admin/Documents/Unreal Projects/Yolko_Unreal/Content/Blueprint/Outro_ModeBase.uexp" 745
"C:/Users/admin/Documents/Unreal Projects/Yolko_Unreal/Content/Levels/Outro.uexp" 746
"C:/Users/admin/Documents/Unreal Projects/Yolko_Unreal/Content/Levels/Outro.umap" 747
"C:/Users/admin/Documents/Unreal Projects/Yolko_Unreal/Content/Sprites/UI/carrotinc.uasset" 748
"C:/Users/admin/Documents/Unreal Projects/Yolko_Unreal/Content/Sprites/UI/carrotinc.uexp" 749
"C:/Users/admin/Documents/Unreal Projects/Yolko_Unreal/Content/Audio/start_button_FIXED.ubulk" 750
"C:/Users/admin/Documents/Unreal Projects/Yolko_Unreal/Content/Audio/start_button_FIXED.uasset" 751
"C:/Users/admin/Documents/Unreal Projects/Yolko_Unreal/Content/Audio/start_button_FIXED.uexp" 752
"C:/Users/admin/Documents/Unreal Projects/Yolko_Unreal/Content/Sprites/UI/yolko2_logo_outlined.uasset" 753
"C:/Users/admin/Documents/Unreal Projects/Yolko_Unreal/Content/Sprites/UI/yolko2_logo_outlined.uexp" 754
"C:/Users/admin/Documents/Unreal Projects/Yolko_Unreal/Content/UI/WB_MainMenu.uasset" 755
"C:/Users/admin/Documents/Unreal Projects/Yolko_Unreal/Content/UI/WB_MainMenu.uexp" 756
"C:/Users/admin/Documents/Unreal Projects/Yolko_Unreal/Content/Blueprint/MainMenuModeBase.uasset" 757
"C:/Users/admin/Documents/Unreal Projects/Yolko_Unreal/Content/Blueprint/MainMenuModeBase.uexp" 758
"C:/Users/admin/Documents/Unreal Projects/Yolko_Unreal/Content/Levels/MainMenu.uexp" 759
"C:/Users/admin/Documents/Unreal Projects/Yolko_Unreal/Content/Levels/MainMenu.umap" 760
"C:/Users/admin/Documents/Unreal Projects/Yolko_Unreal/Content/Material/Room1Floor.uasset" 761
"C:/Users/admin/Documents/Unreal Projects/Yolko_Unreal/Content/Material/Room1Floor.uexp" 762
"C:/Users/admin/Documents/Unreal Projects/Yolko_Unreal/Content/Blueprint/BP_WorldCutsceneTrigger.uasset" 763
"C:/Users/admin/Documents/Unreal Projects/Yolko_Unreal/Content/Blueprint/BP_WorldCutsceneTrigger.uexp" 764
"C:/Users/admin/Documents/Unreal Projects/Yolko_Unreal/Content/Material/Room3Floor.uasset" 765
"C:/Users/admin/Documents/Unreal Projects/Yolko_Unreal/Content/Material/Room3Floor.uexp" 766
"C:/Users/admin/Documents/Unreal Projects/Yolko_Unreal/Content/Material/Room2Floor.uasset" 767
"C:/Users/admin/Documents/Unreal Projects/Yolko_Unreal/Content/Material/Room2Floor.uexp" 768
"C:/Users/admin/Documents/Unreal Projects/Yolko_Unreal/Content/Blueprint/BP_RoomSwitch.uasset" 769
"C:/Users/admin/Documents/Unreal Projects/Yolko_Unreal/Content/Blueprint/BP_RoomSwitch.uexp" 770
"C:/Users/admin/Documents/Unreal Projects/Yolko_Unreal/Content/Material/SkyboxMaterial.uasset" 771
"C:/Users/admin/Documents/Unreal Projects/Yolko_Unreal/Content/Material/SkyboxMaterial.uexp" 772
"C:/Users/admin/Documents/Unreal Projects/Yolko_Unreal/Content/Material/Room3_2Floor.uasset" 773
"C:/Users/admin/Documents/Unreal Projects/Yolko_Unreal/Content/Material/Room3_2Floor.uexp" 774
"C:/Users/admin/Documents/Unreal Projects/Yolko_Unreal/Content/Levels/Room3_BuiltData.ubulk" 775
"C:/Users/admin/Documents/Unreal Projects/Yolko_Unreal/Content/Levels/Room3_BuiltData.uasset" 776
"C:/Users/admin/Documents/Unreal Projects/Yolko_Unreal/Content/Levels/Room3_BuiltData.uexp" 777
"C:/Users/admin/Documents/Unreal Projects/Yolko_Unreal/Content/Sprites/yolko2_sprites.uasset" 778
"C:/Users/admin/Documents/Unreal Projects/Yolko_Unreal/Content/Sprites/yolko2_sprites.uexp" 779
"C:/Users/admin/Documents/Unreal Projects/Yolko_Unreal/Content/Sprites/yolko2_sprites_Sprite_3.uasset" 780
"C:/Users/admin/Documents/Unreal Projects/Yolko_Unreal/Content/Sprites/yolko2_sprites_Sprite_3.uexp" 781
"C:/Users/admin/Documents/Unreal Projects/Yolko_Unreal/Content/Environment/UnnieNPC.uasset" 782
"C:/Users/admin/Documents/Unreal Projects/Yolko_Unreal/Content/Environment/UnnieNPC.uexp" 783
"C:/Users/admin/Documents/Unreal Projects/Yolko_Unreal/Content/Sprites/Props/Textures/level3_bed.uasset" 784
"C:/Users/admin/Documents/Unreal Projects/Yolko_Unreal/Content/Sprites/Props/Textures/level3_bed.uexp" 785
"C:/Users/admin/Documents/Unreal Projects/Yolko_Unreal/Content/Sprites/Props/Sprites/level3_bed_Sprite.uasset" 786
"C:/Users/admin/Documents/Unreal Projects/Yolko_Unreal/Content/Sprites/Props/Sprites/level3_bed_Sprite.uexp" 787
"C:/Users/admin/Documents/Unreal Projects/Yolko_Unreal/Content/Environment/UnnieBed.uasset" 788
"C:/Users/admin/Documents/Unreal Projects/Yolko_Unreal/Content/Environment/UnnieBed.uexp" 789
"C:/Users/admin/Documents/Unreal Projects/Yolko_Unreal/Content/Sprites/Props/Textures/level3_desk.uasset" 790
"C:/Users/admin/Documents/Unreal Projects/Yolko_Unreal/Content/Sprites/Props/Textures/level3_desk.uexp" 791
"C:/Users/admin/Documents/Unreal Projects/Yolko_Unreal/Content/Sprites/Props/Sprites/level3_desk_Sprite.uasset" 792
"C:/Users/admin/Documents/Unreal Projects/Yolko_Unreal/Content/Sprites/Props/Sprites/level3_desk_Sprite.uexp" 793
"C:/Users/admin/Documents/Unreal Projects/Yolko_Unreal/Content/Environment/Unaggie_PC.uasset" 794
"C:/Users/admin/Documents/Unreal Projects/Yolko_Unreal/Content/Environment/Unaggie_PC.uexp" 795
"C:/Users/admin/Documents/Unreal Projects/Yolko_Unreal/Content/Sprites/yolko2_sprites_Sprite_4.uasset" 796
"C:/Users/admin/Documents/Unreal Projects/Yolko_Unreal/Content/Sprites/yolko2_sprites_Sprite_4.uexp" 797
"C:/Users/admin/Documents/Unreal Projects/Yolko_Unreal/Content/Environment/UnaggieNPC.uasset" 798
"C:/Users/admin/Documents/Unreal Projects/Yolko_Unreal/Content/Environment/UnaggieNPC.uexp" 799
"C:/Users/admin/Documents/Unreal Projects/Yolko_Unreal/Content/Sprites/Props/Textures/level3_mic.uasset" 800
"C:/Users/admin/Documents/Unreal Projects/Yolko_Unreal/Content/Sprites/Props/Textures/level3_mic.uexp" 801
"C:/Users/admin/Documents/Unreal Projects/Yolko_Unreal/Content/Sprites/Props/Sprites/level3_mic_Sprite.uasset" 802
"C:/Users/admin/Documents/Unreal Projects/Yolko_Unreal/Content/Sprites/Props/Sprites/level3_mic_Sprite.uexp" 803
"C:/Users/admin/Documents/Unreal Projects/Yolko_Unreal/Content/Environment/UnaggieMic.uasset" 804
"C:/Users/admin/Documents/Unreal Projects/Yolko_Unreal/Content/Environment/UnaggieMic.uexp" 805
"C:/Users/admin/Documents/Unreal Projects/Yolko_Unreal/Content/Sprites/Box_Faces/Level_3/unnie_plate.uasset" 806
"C:/Users/admin/Documents/Unreal Projects/Yolko_Unreal/Content/Sprites/Box_Faces/Level_3/unnie_plate.uexp" 807
"C:/Users/admin/Documents/Unreal Projects/Yolko_Unreal/Content/Sprites/Box_Faces/Level_3/unnie_plate_Sprite.uasset" 808
"C:/Users/admin/Documents/Unreal Projects/Yolko_Unreal/Content/Sprites/Box_Faces/Level_3/unnie_plate_Sprite.uexp" 809
"C:/Users/admin/Documents/Unreal Projects/Yolko_Unreal/Content/Sprites/Box_Faces/Level_3/unnie_box_top.uasset" 810
"C:/Users/admin/Documents/Unreal Projects/Yolko_Unreal/Content/Sprites/Box_Faces/Level_3/unnie_box_top.uexp" 811
"C:/Users/admin/Documents/Unreal Projects/Yolko_Unreal/Content/Sprites/Box_Faces/Level_3/unnie_box_top_Sprite.uasset" 812
"C:/Users/admin/Documents/Unreal Projects/Yolko_Unreal/Content/Sprites/Box_Faces/Level_3/unnie_box_top_Sprite.uexp" 813
"C:/Users/admin/Documents/Unreal Projects/Yolko_Unreal/Content/Sprites/Box_Faces/Level_3/unaggie_plate.uasset" 814
"C:/Users/admin/Documents/Unreal Projects/Yolko_Unreal/Content/Sprites/Box_Faces/Level_3/unaggie_plate.uexp" 815
"C:/Users/admin/Documents/Unreal Projects/Yolko_Unreal/Content/Sprites/Box_Faces/Level_3/unaggie_plate_Sprite.uasset" 816
"C:/Users/admin/Documents/Unreal Projects/Yolko_Unreal/Content/Sprites/Box_Faces/Level_3/unaggie_plate_Sprite.uexp" 817
"C:/Users/admin/Documents/Unreal Projects/Yolko_Unreal/Content/Sprites/Box_Faces/Level_3/unaggie_box_top.uasset" 818
"C:/Users/admin/Documents/Unreal Projects/Yolko_Unreal/Content/Sprites/Box_Faces/Level_3/unaggie_box_top.uexp" 819
"C:/Users/admin/Documents/Unreal Projects/Yolko_Unreal/Content/Sprites/Box_Faces/Level_3/unaggie_box_top_Sprite.uasset" 820
"C:/Users/admin/Documents/Unreal Projects/Yolko_Unreal/Content/Sprites/Box_Faces/Level_3/unaggie_box_top_Sprite.uexp" 821
"C:/Users/admin/Documents/Unreal Projects/Yolko_Unreal/Content/Levels/Room3.uexp" 822
"C:/Users/admin/Documents/Unreal Projects/Yolko_Unreal/Content/Levels/Room3.umap" 823
"C:/Users/admin/Documents/Unreal Projects/Yolko_Unreal/Content/Sprites/yolko2_sprites_Sprite_2.uasset" 824
"C:/Users/admin/Documents/Unreal Projects/Yolko_Unreal/Content/Sprites/yolko2_sprites_Sprite_2.uexp" 825
"C:/Users/admin/Documents/Unreal Projects/Yolko_Unreal/Content/Environment/RollNPC.uasset" 826
"C:/Users/admin/Documents/Unreal Projects/Yolko_Unreal/Content/Environment/RollNPC.uexp" 827
"C:/Users/admin/Documents/Unreal Projects/Yolko_Unreal/Content/Sprites/Props/Textures/level2_bed.uasset" 828
"C:/Users/admin/Documents/Unreal Projects/Yolko_Unreal/Content/Sprites/Props/Textures/level2_bed.uexp" 829
"C:/Users/admin/Documents/Unreal Projects/Yolko_Unreal/Content/Sprites/Props/Sprites/level2_bed_Sprite.uasset" 830
"C:/Users/admin/Documents/Unreal Projects/Yolko_Unreal/Content/Sprites/Props/Sprites/level2_bed_Sprite.uexp" 831
"C:/Users/admin/Documents/Unreal Projects/Yolko_Unreal/Content/Environment/RollBed.uasset" 832
"C:/Users/admin/Documents/Unreal Projects/Yolko_Unreal/Content/Environment/RollBed.uexp" 833
"C:/Users/admin/Documents/Unreal Projects/Yolko_Unreal/Content/Sprites/Props/Textures/level2_pc.uasset" 834
"C:/Users/admin/Documents/Unreal Projects/Yolko_Unreal/Content/Sprites/Props/Textures/level2_pc.uexp" 835
"C:/Users/admin/Documents/Unreal Projects/Yolko_Unreal/Content/Sprites/Props/Sprites/level2_pc_Sprite.uasset" 836
"C:/Users/admin/Documents/Unreal Projects/Yolko_Unreal/Content/Sprites/Props/Sprites/level2_pc_Sprite.uexp" 837
"C:/Users/admin/Documents/Unreal Projects/Yolko_Unreal/Content/Environment/KaniPC.uasset" 838
"C:/Users/admin/Documents/Unreal Projects/Yolko_Unreal/Content/Environment/KaniPC.uexp" 839
"C:/Users/admin/Documents/Unreal Projects/Yolko_Unreal/Content/Sprites/yolko2_sprites_Sprite_1.uasset" 840
"C:/Users/admin/Documents/Unreal Projects/Yolko_Unreal/Content/Sprites/yolko2_sprites_Sprite_1.uexp" 841
"C:/Users/admin/Documents/Unreal Projects/Yolko_Unreal/Content/Environment/KaniNPC.uasset" 842
"C:/Users/admin/Documents/Unreal Projects/Yolko_Unreal/Content/Environment/KaniNPC.uexp" 843
"C:/Users/admin/Documents/Unreal Projects/Yolko_Unreal/Content/Sprites/Box_Faces/Level_2/roll_plate.uasset" 844
"C:/Users/admin/Documents/Unreal Projects/Yolko_Unreal/Content/Sprites/Box_Faces/Level_2/roll_plate.uexp" 845
"C:/Users/admin/Documents/Unreal Projects/Yolko_Unreal/Content/Sprites/Box_Faces/Level_2/roll_plate_Sprite.uasset" 846
"C:/Users/admin/Documents/Unreal Projects/Yolko_Unreal/Content/Sprites/Box_Faces/Level_2/roll_plate_Sprite.uexp" 847
"C:/Users/admin/Documents/Unreal Projects/Yolko_Unreal/Content/Sprites/Box_Faces/Level_2/roll_box_top.uasset" 848
"C:/Users/admin/Documents/Unreal Projects/Yolko_Unreal/Content/Sprites/Box_Faces/Level_2/roll_box_top.uexp" 849
"C:/Users/admin/Documents/Unreal Projects/Yolko_Unreal/Content/Sprites/Box_Faces/Level_2/roll_box_top_Sprite.uasset" 850
"C:/Users/admin/Documents/Unreal Projects/Yolko_Unreal/Content/Sprites/Box_Faces/Level_2/roll_box_top_Sprite.uexp" 851
"C:/Users/admin/Documents/Unreal Projects/Yolko_Unreal/Content/Sprites/Box_Faces/Level_2/kannie_plate.uasset" 852
"C:/Users/admin/Documents/Unreal Projects/Yolko_Unreal/Content/Sprites/Box_Faces/Level_2/kannie_plate.uexp" 853
"C:/Users/admin/Documents/Unreal Projects/Yolko_Unreal/Content/Sprites/Box_Faces/Level_2/kannie_plate_Sprite.uasset" 854
"C:/Users/admin/Documents/Unreal Projects/Yolko_Unreal/Content/Sprites/Box_Faces/Level_2/kannie_plate_Sprite.uexp" 855
"C:/Users/admin/Documents/Unreal Projects/Yolko_Unreal/Content/Sprites/Box_Faces/Level_2/kannie_box_top.uasset" 856
"C:/Users/admin/Documents/Unreal Projects/Yolko_Unreal/Content/Sprites/Box_Faces/Level_2/kannie_box_top.uexp" 857
"C:/Users/admin/Documents/Unreal Projects/Yolko_Unreal/Content/Sprites/Box_Faces/Level_2/kannie_box_top_Sprite.uasset" 858
"C:/Users/admin/Documents/Unreal Projects/Yolko_Unreal/Content/Sprites/Box_Faces/Level_2/kannie_box_top_Sprite.uexp" 859
"C:/Users/admin/Documents/Unreal Projects/Yolko_Unreal/Content/Levels/Room2.uexp" 860
"C:/Users/admin/Documents/Unreal Projects/Yolko_Unreal/Content/Levels/Room2.umap" 861
"C:/Users/admin/Documents/Unreal Projects/Yolko_Unreal/Content/Sprites/Props/Textures/level1_pc.uasset" 862
"C:/Users/admin/Documents/Unreal Projects/Yolko_Unreal/Content/Sprites/Props/Textures/level1_pc.uexp" 863
"C:/Users/admin/Documents/Unreal Projects/Yolko_Unreal/Content/Sprites/Props/Sprites/level1_pc_Sprite.uasset" 864
"C:/Users/admin/Documents/Unreal Projects/Yolko_Unreal/Content/Sprites/Props/Sprites/level1_pc_Sprite.uexp" 865
"C:/Users/admin/Documents/Unreal Projects/Yolko_Unreal/Content/Environment/YolkoPC.uasset" 866
"C:/Users/admin/Documents/Unreal Projects/Yolko_Unreal/Content/Environment/YolkoPC.uexp" 867
"C:/Users/admin/Documents/Unreal Projects/Yolko_Unreal/Content/Sprites/Props/Textures/level1_bed.uasset" 868
"C:/Users/admin/Documents/Unreal Projects/Yolko_Unreal/Content/Sprites/Props/Textures/level1_bed.uexp" 869
"C:/Users/admin/Documents/Unreal Projects/Yolko_Unreal/Content/Sprites/Props/Sprites/level1_bed_Sprite.uasset" 870
"C:/Users/admin/Documents/Unreal Projects/Yolko_Unreal/Content/Sprites/Props/Sprites/level1_bed_Sprite.uexp" 871
"C:/Users/admin/Documents/Unreal Projects/Yolko_Unreal/Content/Environment/YolkoBed.uasset" 872
"C:/Users/admin/Documents/Unreal Projects/Yolko_Unreal/Content/Environment/YolkoBed.uexp" 873
"C:/Users/admin/Documents/Unreal Projects/Yolko_Unreal/Content/Sprites/Props/Textures/level1_wabipc.uasset" 874
"C:/Users/admin/Documents/Unreal Projects/Yolko_Unreal/Content/Sprites/Props/Textures/level1_wabipc.uexp" 875
"C:/Users/admin/Documents/Unreal Projects/Yolko_Unreal/Content/Sprites/Props/Sprites/level1_wabipc_Sprite.uasset" 876
"C:/Users/admin/Documents/Unreal Projects/Yolko_Unreal/Content/Sprites/Props/Sprites/level1_wabipc_Sprite.uexp" 877
"C:/Users/admin/Documents/Unreal Projects/Yolko_Unreal/Content/Environment/WasabeaPC.uasset" 878
"C:/Users/admin/Documents/Unreal Projects/Yolko_Unreal/Content/Environment/WasabeaPC.uexp" 879
"C:/Users/admin/Documents/Unreal Projects/Yolko_Unreal/Content/Sprites/yolko2_sprites_Sprite_0.uasset" 880
"C:/Users/admin/Documents/Unreal Projects/Yolko_Unreal/Content/Sprites/yolko2_sprites_Sprite_0.uexp" 881
"C:/Users/admin/Documents/Unreal Projects/Yolko_Unreal/Content/Environment/WasabeaNPC.uasset" 882
"C:/Users/admin/Documents/Unreal Projects/Yolko_Unreal/Content/Environment/WasabeaNPC.uexp" 883
"C:/Users/admin/Documents/Unreal Projects/Yolko_Unreal/Content/Sprites/Props/Textures/level1_wabed.uasset" 884
"C:/Users/admin/Documents/Unreal Projects/Yolko_Unreal/Content/Sprites/Props/Textures/level1_wabed.uexp" 885
"C:/Users/admin/Documents/Unreal Projects/Yolko_Unreal/Content/Sprites/Props/Sprites/level1_wabed_Sprite.uasset" 886
"C:/Users/admin/Documents/Unreal Projects/Yolko_Unreal/Content/Sprites/Props/Sprites/level1_wabed_Sprite.uexp" 887
"C:/Users/admin/Documents/Unreal Projects/Yolko_Unreal/Content/Environment/WasabeaBed.uasset" 888
"C:/Users/admin/Documents/Unreal Projects/Yolko_Unreal/Content/Environment/WasabeaBed.uexp" 889
"C:/Users/admin/Documents/Unreal Projects/Yolko_Unreal/Content/Levels/Room1.uexp" 890
"C:/Users/admin/Documents/Unreal Projects/Yolko_Unreal/Content/Levels/Room1.umap" 891
